This is pdfTeX, Version 3.14159265-2.6-1.40.19 (MiKTeX 2.9.6670 64-bit) (preloaded format=pdflatex 2018.4.17)  17 APR 2018 17:16
entering extended mode
**"./thesis - (biblatex with acm_mod.bst).tex"
("thesis - (biblatex with acm_mod.bst).tex"
LaTeX2e <2018-04-01> patch level 2
Babel <3.18> and hyphenation patterns for 75 language(s) loaded.
(sdsu-thesis.cls
Document Class: sdsu-thesis 2012/02/13 v2012-02-13-17:31:23-PST SDSU-Thesis Cla
ss for Mathematics Department
("C:\Users\stroll\AppData\Local\Programs\MiKTeX 2.9\tex\latex\tools\calc.sty"
Package: calc 2017/05/25 v4.3 Infix arithmetic (KKT,FJ)
\calc@Acount=\count80
\calc@Bcount=\count81
\calc@Adimen=\dimen102
\calc@Bdimen=\dimen103
\calc@Askip=\skip41
\calc@Bskip=\skip42
LaTeX Info: Redefining \setlength on input line 80.
LaTeX Info: Redefining \addtolength on input line 81.
\calc@Ccount=\count82
\calc@Cskip=\skip43
)
("C:\Users\stroll\AppData\Local\Programs\MiKTeX 2.9\tex\latex\base\report.cls"
Document Class: report 2014/09/29 v1.4h Standard LaTeX document class
("C:\Users\stroll\AppData\Local\Programs\MiKTeX 2.9\tex\latex\base\size12.clo"
File: size12.clo 2014/09/29 v1.4h Standard LaTeX file (size option)
)
\c@part=\count83
\c@chapter=\count84
\c@section=\count85
\c@subsection=\count86
\c@subsubsection=\count87
\c@paragraph=\count88
\c@subparagraph=\count89
\c@figure=\count90
\c@table=\count91
\abovecaptionskip=\skip44
\belowcaptionskip=\skip45
\bibindent=\dimen104
)
\c@titlelines=\count92
\c@subsubsubsection=\count93
)
("C:\Users\stroll\AppData\Local\Programs\MiKTeX 2.9\tex\latex\graphics\epsfig.s
ty"
Package: epsfig 2017/06/25 v1.7b (e)psfig emulation (SPQR)

("C:\Users\stroll\AppData\Local\Programs\MiKTeX 2.9\tex\latex\graphics\graphicx
.sty"
Package: graphicx 2017/06/01 v1.1a Enhanced LaTeX Graphics (DPC,SPQR)

("C:\Users\stroll\AppData\Local\Programs\MiKTeX 2.9\tex\latex\graphics\keyval.s
ty"
Package: keyval 2014/10/28 v1.15 key=value parser (DPC)
\KV@toks@=\toks14
)
("C:\Users\stroll\AppData\Local\Programs\MiKTeX 2.9\tex\latex\graphics\graphics
.sty"
Package: graphics 2017/06/25 v1.2c Standard LaTeX Graphics (DPC,SPQR)

("C:\Users\stroll\AppData\Local\Programs\MiKTeX 2.9\tex\latex\graphics\trig.sty
"
Package: trig 2016/01/03 v1.10 sin cos tan (DPC)
)
("C:\Users\stroll\AppData\Local\Programs\MiKTeX 2.9\tex\latex\graphics-cfg\grap
hics.cfg"
File: graphics.cfg 2016/06/04 v1.11 sample graphics configuration
)
Package graphics Info: Driver file: pdftex.def on input line 99.

("C:\Users\stroll\AppData\Local\Programs\MiKTeX 2.9\tex\latex\graphics-def\pdft
ex.def"
File: pdftex.def 2018/01/08 v1.0l Graphics/color driver for pdftex
))
\Gin@req@height=\dimen105
\Gin@req@width=\dimen106
)
\epsfxsize=\dimen107
\epsfysize=\dimen108
)
("C:\Users\stroll\AppData\Local\Programs\MiKTeX 2.9\tex\latex\hyperref\hyperref
.sty"
Package: hyperref 2018/02/06 v6.86b Hypertext links for LaTeX

("C:\Users\stroll\AppData\Local\Programs\MiKTeX 2.9\tex\generic\oberdiek\hobsub
-hyperref.sty"
Package: hobsub-hyperref 2016/05/16 v1.14 Bundle oberdiek, subset hyperref (HO)


("C:\Users\stroll\AppData\Local\Programs\MiKTeX 2.9\tex\generic\oberdiek\hobsub
-generic.sty"
Package: hobsub-generic 2016/05/16 v1.14 Bundle oberdiek, subset generic (HO)
Package: hobsub 2016/05/16 v1.14 Construct package bundles (HO)
Package: infwarerr 2016/05/16 v1.4 Providing info/warning/error messages (HO)
Package: ltxcmds 2016/05/16 v1.23 LaTeX kernel commands for general use (HO)
Package: ifluatex 2016/05/16 v1.4 Provides the ifluatex switch (HO)
Package ifluatex Info: LuaTeX not detected.
Package: ifvtex 2016/05/16 v1.6 Detect VTeX and its facilities (HO)
Package ifvtex Info: VTeX not detected.
Package: intcalc 2016/05/16 v1.2 Expandable calculations with integers (HO)
Package: ifpdf 2017/03/15 v3.2 Provides the ifpdf switch
Package: etexcmds 2016/05/16 v1.6 Avoid name clashes with e-TeX commands (HO)
Package etexcmds Info: Could not find \expanded.
(etexcmds)             That can mean that you are not using pdfTeX 1.50 or
(etexcmds)             that some package has redefined \expanded.
(etexcmds)             In the latter case, load this package earlier.
Package: kvsetkeys 2016/05/16 v1.17 Key value parser (HO)
Package: kvdefinekeys 2016/05/16 v1.4 Define keys (HO)
Package: pdftexcmds 2018/01/30 v0.27 Utility functions of pdfTeX for LuaTeX (HO
)
Package pdftexcmds Info: LuaTeX not detected.
Package pdftexcmds Info: \pdf@primitive is available.
Package pdftexcmds Info: \pdf@ifprimitive is available.
Package pdftexcmds Info: \pdfdraftmode found.
Package: pdfescape 2016/05/16 v1.14 Implements pdfTeX's escape features (HO)
Package: bigintcalc 2016/05/16 v1.4 Expandable calculations on big integers (HO
)
Package: bitset 2016/05/16 v1.2 Handle bit-vector datatype (HO)
Package: uniquecounter 2016/05/16 v1.3 Provide unlimited unique counter (HO)
)
Package hobsub Info: Skipping package `hobsub' (already loaded).
Package: letltxmacro 2016/05/16 v1.5 Let assignment for LaTeX macros (HO)
Package: hopatch 2016/05/16 v1.3 Wrapper for package hooks (HO)
Package: xcolor-patch 2016/05/16 xcolor patch
Package: atveryend 2016/05/16 v1.9 Hooks at the very end of document (HO)
Package atveryend Info: \enddocument detected (standard20110627).
Package: atbegshi 2016/06/09 v1.18 At begin shipout hook (HO)
Package: refcount 2016/05/16 v3.5 Data extraction from label references (HO)
Package: hycolor 2016/05/16 v1.8 Color options for hyperref/bookmark (HO)
)
("C:\Users\stroll\AppData\Local\Programs\MiKTeX 2.9\tex\generic\ifxetex\ifxetex
.sty"
Package: ifxetex 2010/09/12 v0.6 Provides ifxetex conditional
)
("C:\Users\stroll\AppData\Local\Programs\MiKTeX 2.9\tex\latex\oberdiek\auxhook.
sty"
Package: auxhook 2016/05/16 v1.4 Hooks for auxiliary files (HO)
)
("C:\Users\stroll\AppData\Local\Programs\MiKTeX 2.9\tex\latex\oberdiek\kvoption
s.sty"
Package: kvoptions 2016/05/16 v3.12 Key value format for package options (HO)
)
\@linkdim=\dimen109
\Hy@linkcounter=\count94
\Hy@pagecounter=\count95

("C:\Users\stroll\AppData\Local\Programs\MiKTeX 2.9\tex\latex\hyperref\pd1enc.d
ef"
File: pd1enc.def 2018/02/06 v6.86b Hyperref: PDFDocEncoding definition (HO)
Now handling font encoding PD1 ...
... no UTF-8 mapping file for font encoding PD1
)
\Hy@SavedSpaceFactor=\count96

("C:\Users\stroll\AppData\Local\Programs\MiKTeX 2.9\tex\latex\00miktex\hyperref
.cfg"
File: hyperref.cfg 2002/06/06 v1.2 hyperref configuration of TeXLive
)
Package hyperref Info: Option `bookmarks' set `true' on input line 4383.
Package hyperref Info: Hyper figures OFF on input line 4509.
Package hyperref Info: Link nesting OFF on input line 4514.
Package hyperref Info: Hyper index ON on input line 4517.
Package hyperref Info: Plain pages OFF on input line 4524.
Package hyperref Info: Backreferencing OFF on input line 4529.
Package hyperref Info: Implicit mode ON; LaTeX internals redefined.
Package hyperref Info: Bookmarks ON on input line 4762.
\c@Hy@tempcnt=\count97
 ("C:\Users\stroll\AppData\Local\Programs\MiKTeX 2.9\tex\latex\url\url.sty"
\Urlmuskip=\muskip10
Package: url 2013/09/16  ver 3.4  Verb mode for urls, etc.
)
LaTeX Info: Redefining \url on input line 5115.
\XeTeXLinkMargin=\dimen110
\Fld@menulength=\count98
\Field@Width=\dimen111
\Fld@charsize=\dimen112
Package hyperref Info: Hyper figures OFF on input line 6369.
Package hyperref Info: Link nesting OFF on input line 6374.
Package hyperref Info: Hyper index ON on input line 6377.
Package hyperref Info: backreferencing OFF on input line 6384.
Package hyperref Info: Link coloring OFF on input line 6389.
Package hyperref Info: Link coloring with OCG OFF on input line 6394.
Package hyperref Info: PDF/A mode OFF on input line 6399.
LaTeX Info: Redefining \ref on input line 6439.
LaTeX Info: Redefining \pageref on input line 6443.
\Hy@abspage=\count99
\c@Item=\count100
\c@Hfootnote=\count101
)
Package hyperref Info: Driver (autodetected): hpdftex.

("C:\Users\stroll\AppData\Local\Programs\MiKTeX 2.9\tex\latex\hyperref\hpdftex.
def"
File: hpdftex.def 2018/02/06 v6.86b Hyperref driver for pdfTeX
\Fld@listcount=\count102
\c@bookmark@seq@number=\count103

("C:\Users\stroll\AppData\Local\Programs\MiKTeX 2.9\tex\latex\oberdiek\rerunfil
echeck.sty"
Package: rerunfilecheck 2016/05/16 v1.8 Rerun checks for auxiliary files (HO)
Package uniquecounter Info: New unique counter `rerunfilecheck' on input line 2
82.
)
\Hy@SectionHShift=\skip46
)
("C:\Users\stroll\AppData\Local\Programs\MiKTeX 2.9\tex\latex\tools\bm.sty"
Package: bm 2017/01/16 v1.2c Bold Symbol Support (DPC/FMi)
\symboldoperators=\mathgroup4
\symboldletters=\mathgroup5
\symboldsymbols=\mathgroup6
LaTeX Font Info:    Redeclaring math alphabet \mathbf on input line 141.
LaTeX Info: Redefining \bm on input line 207.
)
("C:\Users\stroll\AppData\Local\Programs\MiKTeX 2.9\tex\latex\amsfonts\amsfonts
.sty"
Package: amsfonts 2013/01/14 v3.01 Basic AMSFonts support
\@emptytoks=\toks15
\symAMSa=\mathgroup7
\symAMSb=\mathgroup8
LaTeX Font Info:    Overwriting math alphabet `\mathfrak' in version `bold'
(Font)                  U/euf/m/n --> U/euf/b/n on input line 106.
)
("C:\Users\stroll\AppData\Local\Programs\MiKTeX 2.9\tex\latex\amsfonts\amssymb.
sty"
Package: amssymb 2013/01/14 v3.01 AMS font symbols
)
("C:\Users\stroll\AppData\Local\Programs\MiKTeX 2.9\tex\latex\amscls\amsthm.sty
"
Package: amsthm 2017/10/31 v2.20.4
\thm@style=\toks16
\thm@bodyfont=\toks17
\thm@headfont=\toks18
\thm@notefont=\toks19
\thm@headpunct=\toks20
\thm@preskip=\skip47
\thm@postskip=\skip48
\thm@headsep=\skip49
\dth@everypar=\toks21
)
("C:\Users\stroll\AppData\Local\Programs\MiKTeX 2.9\tex\latex\titlecaps\titleca
ps.sty"
Package: titlecaps 2015/01/30 V1.2 Routines for setting rich-text input into Ti
tling Caps

("C:\Users\stroll\AppData\Local\Programs\MiKTeX 2.9\tex\latex\ifnextok\ifnextok
.sty"
Package: ifnextok 2011/06/27 v0.3 test next token (UL)
)
("C:\Users\stroll\AppData\Local\Programs\MiKTeX 2.9\tex\latex\base\ifthen.sty"
Package: ifthen 2014/09/29 v1.1c Standard LaTeX ifthen package (DPC)
)
\c@lcword@index=\count104
\c@word@count=\count105
\c@lc@words=\count106
\c@dia@count=\count107
\c@arg@@@index=\count108
)
("C:\Users\stroll\AppData\Local\Programs\MiKTeX 2.9\tex\latex\caption\caption.s
ty"
Package: caption 2016/02/21 v3.3-144 Customizing captions (AR)

("C:\Users\stroll\AppData\Local\Programs\MiKTeX 2.9\tex\latex\caption\caption3.
sty"
Package: caption3 2016/05/22 v1.7-166 caption3 kernel (AR)
Package caption3 Info: TeX engine: e-TeX on input line 67.
\captionmargin=\dimen113
\captionmargin@=\dimen114
\captionwidth=\dimen115
\caption@tempdima=\dimen116
\caption@indent=\dimen117
\caption@parindent=\dimen118
\caption@hangindent=\dimen119
Package caption Info: Unknown document class (or package),
(caption)             standard defaults will be used.
)

Package caption Warning: Unsupported document class (or package) detected,
(caption)                usage of the caption package is not recommended.
See the caption package documentation for explanation.

Package caption Info: \@makecaption = \long macro:#1#2->\vskip \abovecaptionski
p {\ssp \raggedright \bfseries #1. #2\par } \vskip \belowcaptionskip .
\c@ContinuedFloat=\count109
Package caption Info: hyperref package is loaded.
)
("C:\Users\stroll\AppData\Local\Programs\MiKTeX 2.9\tex\latex\algorithms\algori
thm.sty"
Package: algorithm 2009/08/24 v0.1 Document Style `algorithm' - floating enviro
nment

("C:\Users\stroll\AppData\Local\Programs\MiKTeX 2.9\tex\latex\float\float.sty"
Package: float 2001/11/08 v1.3d Float enhancements (AL)
\c@float@type=\count110
\float@exts=\toks22
\float@box=\box26
\@float@everytoks=\toks23
\@floatcapt=\box27
)
\@float@every@algorithm=\toks24
\c@algorithm=\count111
)
("C:\Users\stroll\AppData\Local\Programs\MiKTeX 2.9\tex\latex\algorithmicx\algp
seudocode.sty"
Package: algpseudocode 

("C:\Users\stroll\AppData\Local\Programs\MiKTeX 2.9\tex\latex\algorithmicx\algo
rithmicx.sty"
Package: algorithmicx 2005/04/27 v1.2 Algorithmicx

Document Style algorithmicx 1.2 - a greatly improved `algorithmic' style
\c@ALG@line=\count112
\c@ALG@rem=\count113
\c@ALG@nested=\count114
\ALG@tlm=\skip50
\ALG@thistlm=\skip51
\c@ALG@Lnr=\count115
\c@ALG@blocknr=\count116
\c@ALG@storecount=\count117
\c@ALG@tmpcounter=\count118
\ALG@tmplength=\skip52
)
Document Style - pseudocode environments for use with the `algorithmicx' style
)
("C:\Users\stroll\AppData\Local\Programs\MiKTeX 2.9\tex\latex\tools\longtable.s
ty"
Package: longtable 2014/10/28 v4.11 Multi-page Table package (DPC)
\LTleft=\skip53
\LTright=\skip54
\LTpre=\skip55
\LTpost=\skip56
\LTchunksize=\count119
\LTcapwidth=\dimen120
\LT@head=\box28
\LT@firsthead=\box29
\LT@foot=\box30
\LT@lastfoot=\box31
\LT@cols=\count120
\LT@rows=\count121
\c@LT@tables=\count122
\c@LT@chunks=\count123
\LT@p@ftn=\toks25
)
("C:\Users\stroll\AppData\Local\Programs\MiKTeX 2.9\tex\latex\booktabs\booktabs
.sty"
Package: booktabs 2005/04/14 v1.61803 publication quality tables
\heavyrulewidth=\dimen121
\lightrulewidth=\dimen122
\cmidrulewidth=\dimen123
\belowrulesep=\dimen124
\belowbottomsep=\dimen125
\aboverulesep=\dimen126
\abovetopsep=\dimen127
\cmidrulesep=\dimen128
\cmidrulekern=\dimen129
\defaultaddspace=\dimen130
\@cmidla=\count124
\@cmidlb=\count125
\@aboverulesep=\dimen131
\@belowrulesep=\dimen132
\@thisruleclass=\count126
\@lastruleclass=\count127
\@thisrulewidth=\dimen133
)
("C:\Users\stroll\AppData\Local\Programs\MiKTeX 2.9\tex\latex\tools\tabularx.st
y"
Package: tabularx 2016/02/03 v2.11b `tabularx' package (DPC)
 ("C:\Users\stroll\AppData\Local\Programs\MiKTeX 2.9\tex\latex\tools\array.sty"
Package: array 2018/04/07 v2.4g Tabular extension package (FMi)
\col@sep=\dimen134
\ar@mcellbox=\box32
\extrarowheight=\dimen135
\NC@list=\toks26
\extratabsurround=\skip57
\backup@length=\skip58
\ar@cellbox=\box33
)
\TX@col@width=\dimen136
\TX@old@table=\dimen137
\TX@old@col=\dimen138
\TX@target=\dimen139
\TX@delta=\dimen140
\TX@cols=\count128
\TX@ftn=\toks27
)
("C:\Users\stroll\AppData\Local\Programs\MiKTeX 2.9\tex\latex\geometry\geometry
.sty"
Package: geometry 2018/03/24 v5.7 Page Geometry
\Gm@cnth=\count129
\Gm@cntv=\count130
\c@Gm@tempcnt=\count131
\Gm@bindingoffset=\dimen141
\Gm@wd@mp=\dimen142
\Gm@odd@mp=\dimen143
\Gm@even@mp=\dimen144
\Gm@layoutwidth=\dimen145
\Gm@layoutheight=\dimen146
\Gm@layouthoffset=\dimen147
\Gm@layoutvoffset=\dimen148
\Gm@dimlist=\toks28

("C:\Users\stroll\AppData\Local\Programs\MiKTeX 2.9\tex\latex\geometry\geometry
.cfg"))
("C:\Users\stroll\AppData\Local\Programs\MiKTeX 2.9\tex\latex\ulem\ulem.sty"
\UL@box=\box34
\UL@hyphenbox=\box35
\UL@skip=\skip59
\UL@hook=\toks29
\UL@height=\dimen149
\UL@pe=\count132
\UL@pixel=\dimen150
\ULC@box=\box36
Package: ulem 2012/05/18
\ULdepth=\dimen151
)
("C:\Users\stroll\AppData\Local\Programs\MiKTeX 2.9\tex\latex\datatool\datatool
.sty"
Package: datatool 2017/11/12 v2.29 (NLCT)

("C:\Users\stroll\AppData\Local\Programs\MiKTeX 2.9\tex\latex\xkeyval\xkeyval.s
ty"
Package: xkeyval 2014/12/03 v2.7a package option processing (HA)

("C:\Users\stroll\AppData\Local\Programs\MiKTeX 2.9\tex\generic\xkeyval\xkeyval
.tex"
("C:\Users\stroll\AppData\Local\Programs\MiKTeX 2.9\tex\generic\xkeyval\xkvutil
s.tex"
\XKV@toks=\toks30
\XKV@tempa@toks=\toks31
)
\XKV@depth=\count133
File: xkeyval.tex 2014/12/03 v2.7a key=value parser (HA)
))
("C:\Users\stroll\AppData\Local\Programs\MiKTeX 2.9\tex\latex\xfor\xfor.sty"
Package: xfor 2009/02/05 v1.05 (NLCT)
)
("C:\Users\stroll\AppData\Local\Programs\MiKTeX 2.9\tex\latex\substr\substr.sty
"
Package: substr 2009/10/20 v1.2 Handle substrings
\c@su@anzahl=\count134
)
("C:\Users\stroll\AppData\Local\Programs\MiKTeX 2.9\tex\latex\etoolbox\etoolbox
.sty"
Package: etoolbox 2018/02/11 v2.5e e-TeX tools for LaTeX (JAW)
\etb@tempcnta=\count135
)
("C:\Users\stroll\AppData\Local\Programs\MiKTeX 2.9\tex\latex\datatool\datatool
-base.sty"
Package: datatool-base 2017/11/12 v2.29 (NLCT)

("C:\Users\stroll\AppData\Local\Programs\MiKTeX 2.9\tex\latex\amsmath\amsmath.s
ty"
Package: amsmath 2017/09/02 v2.17a AMS math features
\@mathmargin=\skip60

For additional information on amsmath, use the `?' option.

("C:\Users\stroll\AppData\Local\Programs\MiKTeX 2.9\tex\latex\amsmath\amstext.s
ty"
Package: amstext 2000/06/29 v2.01 AMS text

("C:\Users\stroll\AppData\Local\Programs\MiKTeX 2.9\tex\latex\amsmath\amsgen.st
y"
File: amsgen.sty 1999/11/30 v2.0 generic functions
\@emptytoks=\toks32
\ex@=\dimen152
))
("C:\Users\stroll\AppData\Local\Programs\MiKTeX 2.9\tex\latex\amsmath\amsbsy.st
y"
Package: amsbsy 1999/11/29 v1.2d Bold Symbols
LaTeX Info: Redefining \boldsymbol on input line 28.
\pmbraise@=\dimen153
)
("C:\Users\stroll\AppData\Local\Programs\MiKTeX 2.9\tex\latex\amsmath\amsopn.st
y"
Package: amsopn 2016/03/08 v2.02 operator names
)
\inf@bad=\count136
LaTeX Info: Redefining \frac on input line 213.
\uproot@=\count137
\leftroot@=\count138
LaTeX Info: Redefining \overline on input line 375.
\classnum@=\count139
\DOTSCASE@=\count140
LaTeX Info: Redefining \ldots on input line 472.
LaTeX Info: Redefining \dots on input line 475.
LaTeX Info: Redefining \cdots on input line 596.
\Mathstrutbox@=\box37
\strutbox@=\box38
\big@size=\dimen154
LaTeX Font Info:    Redeclaring font encoding OML on input line 712.
LaTeX Font Info:    Redeclaring font encoding OMS on input line 713.
\macc@depth=\count141
\c@MaxMatrixCols=\count142
\dotsspace@=\muskip11
\c@parentequation=\count143
\dspbrk@lvl=\count144
\tag@help=\toks33
\row@=\count145
\column@=\count146
\maxfields@=\count147
\andhelp@=\toks34
\eqnshift@=\dimen155
\alignsep@=\dimen156
\tagshift@=\dimen157
\tagwidth@=\dimen158
\totwidth@=\dimen159
\lineht@=\dimen160
\@envbody=\toks35
\multlinegap=\skip61
\multlinetaggap=\skip62
\mathdisplay@stack=\toks36
LaTeX Info: Redefining \[ on input line 2817.
LaTeX Info: Redefining \] on input line 2818.
)
("C:\Users\stroll\AppData\Local\Programs\MiKTeX 2.9\tex\latex\datatool\datatool
-fp.sty"
Package: datatool-fp 2017/11/12 v2.29 (NLCT)
 ("C:\Users\stroll\AppData\Local\Programs\MiKTeX 2.9\tex\latex\fp\fp.sty"
Package: fp 1995/04/02
 `Fixed Point Package', Version 0.8, April 2, 1995 (C) Michael Mehlich
("C:\Users\stroll\AppData\Local\Programs\MiKTeX 2.9\tex\latex\fp\defpattern.sty
"
Package: defpattern 1994/10/12
\actioncount=\count148
) ("C:\Users\stroll\AppData\Local\Programs\MiKTeX 2.9\tex\latex\fp\fp-basic.sty
"
Package: fp-basic 1996/05/13
\FP@xs=\count149
\FP@xia=\count150
\FP@xib=\count151
\FP@xfa=\count152
\FP@xfb=\count153
\FP@rega=\count154
\FP@regb=\count155
\FP@regs=\count156
\FP@times=\count157
)
("C:\Users\stroll\AppData\Local\Programs\MiKTeX 2.9\tex\latex\fp\fp-addons.sty"
Package: fp-addons 1995/03/15
) ("C:\Users\stroll\AppData\Local\Programs\MiKTeX 2.9\tex\latex\fp\fp-snap.sty"
Package: fp-snap 1995/04/05
) ("C:\Users\stroll\AppData\Local\Programs\MiKTeX 2.9\tex\latex\fp\fp-exp.sty"
Package: fp-exp 1995/04/03
) ("C:\Users\stroll\AppData\Local\Programs\MiKTeX 2.9\tex\latex\fp\fp-trigo.sty
"
Package: fp-trigo 1995/04/14
) ("C:\Users\stroll\AppData\Local\Programs\MiKTeX 2.9\tex\latex\fp\fp-pas.sty"
Package: fp-pas 1994/08/29
) ("C:\Users\stroll\AppData\Local\Programs\MiKTeX 2.9\tex\latex\fp\fp-random.st
y"
Package: fp-random 1995/02/23
\FPseed=\count158
) ("C:\Users\stroll\AppData\Local\Programs\MiKTeX 2.9\tex\latex\fp\fp-eqn.sty"
Package: fp-eqn 1995/04/03
) ("C:\Users\stroll\AppData\Local\Programs\MiKTeX 2.9\tex\latex\fp\fp-upn.sty"
Package: fp-upn 1996/10/21
) ("C:\Users\stroll\AppData\Local\Programs\MiKTeX 2.9\tex\latex\fp\fp-eval.sty"
Package: fp-eval 1995/04/03
)))
\@dtl@toks=\toks37
\@dtl@tmpcount=\count159
\dtl@tmplength=\skip63
\dtl@sortresult=\count160
\@dtl@numgrpsepcount=\count161
\@dtl@datatype=\count162
\dtl@codeA=\count163
\dtl@codeB=\count164
\@dtl@foreach@level=\count165
)
\dtlcolumnnum=\count166
\dtlrownum=\count167
\@dtl@before=\toks38
\@dtl@after=\toks39
\@dtl@colhead=\toks40
\dtlcurrentrow=\toks41
\dtlbeforerow=\toks42
\dtlafterrow=\toks43
\dtlforeachlevel=\count168
\c@DTLrowi=\count169
\c@DTLrowii=\count170
\c@DTLrowiii=\count171
\c@DTLrow=\count172
\dtl@rowi=\count173
\dtl@rowii=\count174
\dtl@rowiii=\count175
\@dtl@curi=\toks44
\@dtl@previ=\toks45
\@dtl@nexti=\toks46
\@dtl@curii=\toks47
\@dtl@previi=\toks48
\@dtl@nextii=\toks49
\@dtl@curiii=\toks50
\@dtl@previii=\toks51
\@dtl@nextiii=\toks52
\@dtl@elements=\count176
\@dtl@list=\toks53
\@dtl@rowa=\toks54
\@dtl@rowb=\toks55
\@dtl@toksA=\toks56
\@dtl@toksB=\toks57
\@dtl@write=\write3
\@dtl@read=\read1
\dtl@entrycr=\count177
\dtl@omitlines=\count178
)
\c@corollary=\count179
\c@definition=\count180
\c@lemma=\count181
\c@proposition=\count182
\c@theorem=\count183
 ("thesis - (biblatex with acm_mod.bst).aux")
\openout1 = `"thesis - (biblatex with acm_mod.bst).aux"'.

LaTeX Font Info:    Checking defaults for OML/cmm/m/it on input line 224.
LaTeX Font Info:    ... okay on input line 224.
LaTeX Font Info:    Checking defaults for T1/cmr/m/n on input line 224.
LaTeX Font Info:    ... okay on input line 224.
LaTeX Font Info:    Checking defaults for OT1/cmr/m/n on input line 224.
LaTeX Font Info:    ... okay on input line 224.
LaTeX Font Info:    Checking defaults for OMS/cmsy/m/n on input line 224.
LaTeX Font Info:    ... okay on input line 224.
LaTeX Font Info:    Checking defaults for OMX/cmex/m/n on input line 224.
LaTeX Font Info:    ... okay on input line 224.
LaTeX Font Info:    Checking defaults for U/cmr/m/n on input line 224.
LaTeX Font Info:    ... okay on input line 224.
LaTeX Font Info:    Checking defaults for PD1/pdf/m/n on input line 224.
LaTeX Font Info:    ... okay on input line 224.
LaTeX Font Info:    Try loading font information for OT1+ptm on input line 224.


("C:\Users\stroll\AppData\Local\Programs\MiKTeX 2.9\tex\latex\psnfss\ot1ptm.fd"
File: ot1ptm.fd 2001/06/04 font definitions for OT1/ptm.
)
Note: longtable package detected, redefining the caption printing

("C:\Users\stroll\AppData\Local\Programs\MiKTeX 2.9\tex\context\base\supp-pdf.m
kii"
[Loading MPS to PDF converter (version 2006.09.02).]
\scratchcounter=\count184
\scratchdimen=\dimen161
\scratchbox=\box39
\nofMPsegments=\count185
\nofMParguments=\count186
\everyMPshowfont=\toks58
\MPscratchCnt=\count187
\MPscratchDim=\dimen162
\MPnumerator=\count188
\makeMPintoPDFobject=\count189
\everyMPtoPDFconversion=\toks59
)
("C:\Users\stroll\AppData\Local\Programs\MiKTeX 2.9\tex\latex\oberdiek\epstopdf
-base.sty"
Package: epstopdf-base 2016/05/15 v2.6 Base part for package epstopdf

("C:\Users\stroll\AppData\Local\Programs\MiKTeX 2.9\tex\latex\oberdiek\grfext.s
ty"
Package: grfext 2016/05/16 v1.2 Manage graphics extensions (HO)
)
Package epstopdf-base Info: Redefining graphics rule for `.eps' on input line 4
38.
Package grfext Info: Graphics extension search list:
(grfext)             [.pdf,.png,.jpg,.mps,.jpeg,.jbig2,.jb2,.PDF,.PNG,.JPG,.JPE
G,.JBIG2,.JB2,.eps]
(grfext)             \AppendGraphicsExtensions on input line 456.
)
\AtBeginShipoutBox=\box40
Package hyperref Info: Link coloring OFF on input line 224.

("C:\Users\stroll\AppData\Local\Programs\MiKTeX 2.9\tex\latex\hyperref\nameref.
sty"
Package: nameref 2016/05/21 v2.44 Cross-referencing by name of section

("C:\Users\stroll\AppData\Local\Programs\MiKTeX 2.9\tex\generic\oberdiek\gettit
lestring.sty"
Package: gettitlestring 2016/05/16 v1.5 Cleanup title references (HO)
)
\c@section@level=\count190
)
LaTeX Info: Redefining \ref on input line 224.
LaTeX Info: Redefining \pageref on input line 224.
LaTeX Info: Redefining \nameref on input line 224.
 ("thesis - (biblatex with acm_mod.bst).out")
("thesis - (biblatex with acm_mod.bst).out")
\@outlinefile=\write4
\openout4 = `"thesis - (biblatex with acm_mod.bst).out"'.

Package caption Info: Begin \AtBeginDocument code.
Package caption Info: float package is loaded.
Package caption Info: longtable package is loaded.

("C:\Users\stroll\AppData\Local\Programs\MiKTeX 2.9\tex\latex\caption\ltcaption
.sty"
Package: ltcaption 2013/06/09 v1.4-94 longtable captions (AR)
)
Package caption Info: End \AtBeginDocument code.

*geometry* driver: auto-detecting
*geometry* detected driver: pdftex
*geometry* verbose mode - [ preamble ] result:
* driver: pdftex
* paper: <default>
* layout: <same size as paper>
* layoutoffset:(h,v)=(0.0pt,0.0pt)
* modes: 
* h-part:(L,W,R)=(90.3375pt, 451.68752pt, 72.26999pt)
* v-part:(T,H,B)=(72.26999pt, 650.43001pt, 72.26999pt)
* \paperwidth=614.295pt
* \paperheight=794.96999pt
* \textwidth=451.68752pt
* \textheight=650.43001pt
* \oddsidemargin=18.0675pt
* \evensidemargin=18.0675pt
* \topmargin=-30.0pt
* \headheight=12.0pt
* \headsep=18.0pt
* \topskip=0.0pt
* \footskip=30.0pt
* \marginparwidth=44.0pt
* \marginparsep=10.0pt
* \columnsep=10.0pt
* \skip\footins=10.8pt plus 4.0pt minus 2.0pt
* \hoffset=0.0pt
* \voffset=0.0pt
* \mag=1000
* \@twocolumnfalse
* \@twosidefalse
* \@mparswitchfalse
* \@reversemarginfalse
* (1in=72.27pt=25.4mm, 1cm=28.453pt)

LaTeX Font Info:    Font shape `OT1/ptm/bx/n' in size <12> not available
(Font)              Font shape `OT1/ptm/b/n' tried instead on input line 229.
[1


{C:/Users/stroll/AppData/Local/MiKTeX/2.9/pdftex/config/pdftex.map}]
LaTeX Font Info:    Font shape `OT1/ptm/bx/n' in size <14.4> not available
(Font)              Font shape `OT1/ptm/b/n' tried instead on input line 232.
 [2]
LaTeX Font Info:    Try loading font information for OMS+ptm on input line 237.


("C:\Users\stroll\AppData\Local\Programs\MiKTeX 2.9\tex\latex\psnfss\omsptm.fd"
File: omsptm.fd 
)
LaTeX Font Info:    Font shape `OMS/ptm/m/n' in size <12> not available
(Font)              Font shape `OMS/cmsy/m/n' tried instead on input line 237.
 [3]

Package hyperref Warning: bookmark level for unknown schapter defaults to 0.

(abstract.tex) [4

] ("thesis - (biblatex with acm_mod.bst).toc"
LaTeX Font Info:    Try loading font information for U+msa on input line 1.

("C:\Users\stroll\AppData\Local\Programs\MiKTeX 2.9\tex\latex\amsfonts\umsa.fd"
File: umsa.fd 2013/01/14 v3.01 AMS symbols A
)
LaTeX Font Info:    Try loading font information for U+msb on input line 1.
 ("C:\Users\stroll\AppData\Local\Programs\MiKTeX 2.9\tex\latex\amsfonts\umsb.fd
"
File: umsb.fd 2013/01/14 v3.01 AMS symbols B
) [5

])
\tf@toc=\write5
\openout5 = `"thesis - (biblatex with acm_mod.bst).toc"'.

 [6] ("thesis - (biblatex with acm_mod.bst).lot")
\tf@lot=\write6
\openout6 = `"thesis - (biblatex with acm_mod.bst).lot"'.

 [7

]
("thesis - (biblatex with acm_mod.bst).lof"
Underfull \hbox (badness 4168) in paragraph at lines 1--1
 \OT1/ptm/m/n/12 NASA Glenn Re-search Cen-ter, https://www.grc.nasa.gov/www/k- 

 []

[8

])
\tf@lof=\write7
\openout7 = `"thesis - (biblatex with acm_mod.bst).lof"'.

 [9] [10

] (body.tex

Package hyperref Warning: bookmark level for unknown chaphd defaults to 0.

CHAPTER 1.
LaTeX Font Info:    Font shape `OT1/ptm/bx/sc' in size <14.4> not available
(Font)              Font shape `OT1/ptm/b/sc' tried instead on input line 12.
 Section 1.1.
LaTeX Font Info:    Font shape `OT1/ptm/bx/sc' in size <12> not available
(Font)              Font shape `OT1/ptm/b/sc' tried instead on input line 20.
[1

]
 Section 1.2.
[2]
 Section 1.3.
 Section 1.4.
[3]
 Section 1.5.
[4]pdfTeX warning (ext4): destination with the same identifier (name{enumi.0}) 
has been already used, duplicate ignored
<to be read again> 
                   \relax 
l.310 	\item T
              he vehicle's engine is not vectored such that the thrust is in...
pdfTeX warning (ext4): destination with the same identifier (name{enumi.0}) has
 been already used, duplicate ignored
<to be read again> 
                   \relax 
l.311 	\item T
              he vehicle's control system is perfect with zero lagpdfTeX warnin
g (ext4): destination with the same identifier (name{enumi.0}) has been already
 used, duplicate ignored
<to be read again> 
                   \relax 
l.312 	\item T
              he nozzle exit velocity $v_{ex}$ is a known constantpdfTeX warnin
g (ext4): destination with the same identifier (name{enumi.0}) has been already
 used, duplicate ignored
<to be read again> 
                   \relax 
l.313 	\item T
              he thrust magnitude's upper bound is knownpdfTeX warning (ext4): 
destination with the same identifier (name{enumi.0}) has been already used, dup
licate ignored
<to be read again> 
                   \relax 
l.314 	\item T
              he vehicle's state can be reliably measured at all times, incl...
pdfTeX warning (ext4): destination with the same identifier (name{enumi.0}) has
 been already used, duplicate ignored
<to be read again> 
                   \relax 
l.315 	\item T
              he vehicle's thrust is throttleable between minimum and maximu...
pdfTeX warning (ext4): destination with the same identifier (name{enumi.0}) has
 been already used, duplicate ignored
<to be read again> 
                   \relax 
l.316 	\item U
              pon ignition, the vehicle can obtain commanded thrust within i...
[5pdfTeX warning (ext4): destination with the same identifier (name{enumi.0}) h
as been already used, duplicate ignored

\AtBegShi@Output ...ipout \box \AtBeginShipoutBox 
                                                  \fi \fi 
l.324 \chapter
              {METHODOLOGY} \label{chap:methodology}]
CHAPTER 2.
 Section 2.1.
[6

]
 Section 2.2.
[7]
<Figures/bodyaxes.jpg, id=523, 533.74406pt x 401.24907pt>
File: Figures/bodyaxes.jpg Graphic file (type jpg)
<use Figures/bodyaxes.jpg>
Package pdftex.def Info: Figures/bodyaxes.jpg  used on input line 445.
(pdftex.def)             Requested size: 310.76122pt x 233.62463pt.

Underfull \hbox (badness 2189) in paragraph at lines 446--446
\OT1/ptm/b/n/12 Ro-ta-tions Body Axes. NASA Glenn Re-search Cen-ter,
 []


Underfull \hbox (badness 10000) in paragraph at lines 446--446
\OT1/ptm/b/n/12 https://www.grc.nasa.gov/www/k-12/airplane/rotations.html,
 []

[8]
 Section 2.3.
[9 <./Figures/bodyaxes.jpg>]
 Subsection 2.3.1.
[10]
 Subsection 2.3.2.
 Subsection 2.3.3.
 Subsubsection 2.3.3.1.
[11]
 Subsubsection 2.3.3.2.
[12]
 Subsection 2.3.4.
[13]
 Subsection 2.3.5.
Package hyperref Info: bookmark level for unknown algorithm defaults to 0 on in
put line 815.
[14] [15]
 Section 2.4.
[16] [17]
CHAPTER 3.
<Figures/simarch.jpg, id=639, 704.6325pt x 572.1375pt>
File: Figures/simarch.jpg Graphic file (type jpg)
<use Figures/simarch.jpg>
Package pdftex.def Info: Figures/simarch.jpg  used on input line 896.
(pdftex.def)             Requested size: 310.76122pt x 252.32619pt.
[18

 <./Figures/simarch.jpg>]
 Section 3.1.
[19]
 Section 3.2.
[20]
 Section 3.3.
 Section 3.4.
[21]
 Section 3.5.
 Subsection 3.5.1.
<Figures/CobraMRV.png, id=693, 816.1692pt x 542.5068pt>
File: Figures/CobraMRV.png Graphic file (type png)
<use Figures/CobraMRV.png>
Package pdftex.def Info: Figures/CobraMRV.png  used on input line 981.
(pdftex.def)             Requested size: 310.76122pt x 206.56035pt.
LaTeX Font Info:    Font shape `OT1/ptm/bx/it' in size <12> not available
(Font)              Font shape `OT1/ptm/b/it' tried instead on input line 985.

Underfull \hbox (badness 1661) in paragraph at lines 985--985
\OT1/ptm/b/n/12 CHRISTO-PHER, ROBERT-SON, ED-WARD, SOSTARIC,
 []

[22]
 Subsection 3.5.2.
[23 <./Figures/CobraMRV.png>]
 Subsection 3.5.3.
 Section 3.6.
[24]
Underfull \hbox (badness 10000) in alignment at lines 1068--1068
[][][][] 
 []

[25] [26]
 Section 3.7.
<Figures/trajunpowvac_1.pdf, id=746, 421.575pt x 316.18124pt>
File: Figures/trajunpowvac_1.pdf Graphic file (type pdf)
<use Figures/trajunpowvac_1.pdf>
Package pdftex.def Info: Figures/trajunpowvac_1.pdf  used on input line 1123.
(pdftex.def)             Requested size: 310.76122pt x 233.07309pt.
[27]
<Figures/trajunpowvacgr.pdf, id=752, 421.575pt x 316.18124pt>
File: Figures/trajunpowvacgr.pdf Graphic file (type pdf)
<use Figures/trajunpowvacgr.pdf>
Package pdftex.def Info: Figures/trajunpowvacgr.pdf  used on input line 1131.
(pdftex.def)             Requested size: 310.76122pt x 233.07309pt.
<Figures/trajunpowatmo_1.pdf, id=758, 421.575pt x 316.18124pt>
File: Figures/trajunpowatmo_1.pdf Graphic file (type pdf)
<use Figures/trajunpowatmo_1.pdf>
Package pdftex.def Info: Figures/trajunpowatmo_1.pdf  used on input line 1141.
(pdftex.def)             Requested size: 310.76122pt x 233.07309pt.
 [28 <./Figures/trajunpowvac_1.pdf> <./Figures/trajunpowvacgr.pdf>]
<Figures/trajunpowatmo_2.pdf, id=814, 421.575pt x 316.18124pt>
File: Figures/trajunpowatmo_2.pdf Graphic file (type pdf)
<use Figures/trajunpowatmo_2.pdf>
Package pdftex.def Info: Figures/trajunpowatmo_2.pdf  used on input line 1149.
(pdftex.def)             Requested size: 310.76122pt x 233.07309pt.

[29 <./Figures/trajunpowatmo_1.pdf> <./Figures/trajunpowatmo_2.pdf>]
CHAPTER 4.
pdfTeX warning (ext4): destination with the same identifier (name{enumi.0}) has
 been already used, duplicate ignored
<to be read again> 
                   \relax 
l.1619 	\item N
               ominal vs. dispersed parameterspdfTeX warning (ext4): destinatio
n with the same identifier (name{enumi.0}) has been already used, duplicate ign
ored
<to be read again> 
                   \relax 
l.1620 	\item A
               tmosphere vs. vacuumpdfTeX warning (ext4): destination with the 
same identifier (name{enumi.0}) has been already used, duplicate ignored
<to be read again> 
                   \relax 
l.1621 	\item S
               tatic initial conditions vs. Adaptive PDI
 Section 4.1.
[30

]
<Figures/gtcriteriavac.pdf, id=887, 421.575pt x 316.18124pt>
File: Figures/gtcriteriavac.pdf Graphic file (type pdf)
<use Figures/gtcriteriavac.pdf>
Package pdftex.def Info: Figures/gtcriteriavac.pdf  used on input line 1641.
(pdftex.def)             Requested size: 310.76122pt x 233.07309pt.
<Figures/gtcriteriaatmo.pdf, id=893, 421.575pt x 316.18124pt>
File: Figures/gtcriteriaatmo.pdf Graphic file (type pdf)
<use Figures/gtcriteriaatmo.pdf>
Package pdftex.def Info: Figures/gtcriteriaatmo.pdf  used on input line 1651.
(pdftex.def)             Requested size: 310.76122pt x 233.07309pt.
 [31 <./Figures/gtcriteriavac.pdf>]
 Section 4.2.
<Figures/trajEvsAPDG.pdf, id=924, 421.575pt x 316.18124pt>
File: Figures/trajEvsAPDG.pdf Graphic file (type pdf)
<use Figures/trajEvsAPDG.pdf>
Package pdftex.def Info: Figures/trajEvsAPDG.pdf  used on input line 1674.
(pdftex.def)             Requested size: 310.76122pt x 233.07309pt.
[32 <./Figures/gtcriteriaatmo.pdf>]
<Figures/altEvsAPDG.pdf, id=945, 421.575pt x 316.18124pt>
File: Figures/altEvsAPDG.pdf Graphic file (type pdf)
<use Figures/altEvsAPDG.pdf>
Package pdftex.def Info: Figures/altEvsAPDG.pdf  used on input line 1682.
(pdftex.def)             Requested size: 310.76122pt x 233.07309pt.
<Figures/rngEvsAPDG.pdf, id=946, 421.575pt x 316.18124pt>
File: Figures/rngEvsAPDG.pdf Graphic file (type pdf)
<use Figures/rngEvsAPDG.pdf>
Package pdftex.def Info: Figures/rngEvsAPDG.pdf  used on input line 1690.
(pdftex.def)             Requested size: 310.76122pt x 233.07309pt.
 [33 <./Figures/trajEvsAPDG.pdf> <./Figures/altEvsAPDG.pdf>]
<Figures/spdEvsAPDG.pdf, id=1009, 421.575pt x 316.18124pt>
File: Figures/spdEvsAPDG.pdf Graphic file (type pdf)
<use Figures/spdEvsAPDG.pdf>
Package pdftex.def Info: Figures/spdEvsAPDG.pdf  used on input line 1698.
(pdftex.def)             Requested size: 310.76122pt x 233.07309pt.
<Figures/thrEvsAPDG.pdf, id=1010, 421.575pt x 316.18124pt>
File: Figures/thrEvsAPDG.pdf Graphic file (type pdf)
<use Figures/thrEvsAPDG.pdf>
Package pdftex.def Info: Figures/thrEvsAPDG.pdf  used on input line 1706.
(pdftex.def)             Requested size: 310.76122pt x 233.07309pt.
 [34 <./Figures/rngEvsAPDG.pdf> <./Figures/spdEvsAPDG.pdf>]
<Figures/fatEvsAPDG.pdf, id=1057, 421.575pt x 316.18124pt>
File: Figures/fatEvsAPDG.pdf Graphic file (type pdf)
<use Figures/fatEvsAPDG.pdf>
Package pdftex.def Info: Figures/fatEvsAPDG.pdf  used on input line 1714.
(pdftex.def)             Requested size: 310.76122pt x 233.07309pt.

[35 <./Figures/thrEvsAPDG.pdf> <./Figures/fatEvsAPDG.pdf>]
<Figures/hfuelEvsAPDG.pdf, id=1111, 614.295pt x 794.97pt>
File: Figures/hfuelEvsAPDG.pdf Graphic file (type pdf)
<use Figures/hfuelEvsAPDG.pdf>
Package pdftex.def Info: Figures/hfuelEvsAPDG.pdf  used on input line 1771.
(pdftex.def)             Requested size: 310.76122pt x 402.1663pt.
 [36]
<Figures/hrngEvsAPDG.pdf, id=1116, 614.295pt x 794.97pt>
File: Figures/hrngEvsAPDG.pdf Graphic file (type pdf)
<use Figures/hrngEvsAPDG.pdf>
Package pdftex.def Info: Figures/hrngEvsAPDG.pdf  used on input line 1781.
(pdftex.def)             Requested size: 310.76122pt x 402.1663pt.
 [37 <./Figures/hfuelEvsAPDG.pdf>]
<Figures/hspdEvsAPDG.pdf, id=1125, 614.295pt x 794.97pt>
File: Figures/hspdEvsAPDG.pdf Graphic file (type pdf)
<use Figures/hspdEvsAPDG.pdf>
Package pdftex.def Info: Figures/hspdEvsAPDG.pdf  used on input line 1791.
(pdftex.def)             Requested size: 310.76122pt x 402.1663pt.
 [38 <./Figures/hrngEvsAPDG.pdf>]
 Section 4.3.
[39 <./Figures/hspdEvsAPDG.pdf>]
<Figures/hfuelnavvsnonav.pdf, id=1151, 614.295pt x 794.97pt>
File: Figures/hfuelnavvsnonav.pdf Graphic file (type pdf)
<use Figures/hfuelnavvsnonav.pdf>
Package pdftex.def Info: Figures/hfuelnavvsnonav.pdf  used on input line 1862.
(pdftex.def)             Requested size: 310.76122pt x 402.1663pt.
 [40]
<Figures/hrngnavvsnonav.pdf, id=1156, 614.295pt x 794.97pt>
File: Figures/hrngnavvsnonav.pdf Graphic file (type pdf)
<use Figures/hrngnavvsnonav.pdf>
Package pdftex.def Info: Figures/hrngnavvsnonav.pdf  used on input line 1872.
(pdftex.def)             Requested size: 310.76122pt x 402.1663pt.
 [41 <./Figures/hfuelnavvsnonav.pdf>]
<Figures/hspdnavvsnonav.pdf, id=1165, 614.295pt x 794.97pt>
File: Figures/hspdnavvsnonav.pdf Graphic file (type pdf)
<use Figures/hspdnavvsnonav.pdf>
Package pdftex.def Info: Figures/hspdnavvsnonav.pdf  used on input line 1882.
(pdftex.def)             Requested size: 310.76122pt x 402.1663pt.

[42 <./Figures/hrngnavvsnonav.pdf>]
 Section 4.4.
[43 <./Figures/hspdnavvsnonav.pdf>]
<Figures/trajatmovsvac.pdf, id=1194, 421.575pt x 316.18124pt>
File: Figures/trajatmovsvac.pdf Graphic file (type pdf)
<use Figures/trajatmovsvac.pdf>
Package pdftex.def Info: Figures/trajatmovsvac.pdf  used on input line 1898.
(pdftex.def)             Requested size: 310.76122pt x 233.07309pt.
<Figures/altatmovsvac.pdf, id=1195, 421.575pt x 316.18124pt>
File: Figures/altatmovsvac.pdf Graphic file (type pdf)
<use Figures/altatmovsvac.pdf>
Package pdftex.def Info: Figures/altatmovsvac.pdf  used on input line 1906.
(pdftex.def)             Requested size: 310.76122pt x 233.07309pt.
 [44 <./Figures/trajatmovsvac.pdf>]
<Figures/rngatmovsvac.pdf, id=1238, 421.575pt x 316.18124pt>
File: Figures/rngatmovsvac.pdf Graphic file (type pdf)
<use Figures/rngatmovsvac.pdf>
Package pdftex.def Info: Figures/rngatmovsvac.pdf  used on input line 1914.
(pdftex.def)             Requested size: 310.76122pt x 233.07309pt.
<Figures/spdatmovsvac.pdf, id=1239, 421.575pt x 316.18124pt>
File: Figures/spdatmovsvac.pdf Graphic file (type pdf)
<use Figures/spdatmovsvac.pdf>
Package pdftex.def Info: Figures/spdatmovsvac.pdf  used on input line 1922.
(pdftex.def)             Requested size: 310.76122pt x 233.07309pt.
 [45 <./Figures/altatmovsvac.pdf> <./Figures/rngatmovsvac.pdf>]
<Figures/thratmovsvac.pdf, id=1289, 421.575pt x 316.18124pt>
File: Figures/thratmovsvac.pdf Graphic file (type pdf)
<use Figures/thratmovsvac.pdf>
Package pdftex.def Info: Figures/thratmovsvac.pdf  used on input line 1930.
(pdftex.def)             Requested size: 310.76122pt x 233.07309pt.
<Figures/massatmovsvac.pdf, id=1290, 421.575pt x 316.18124pt>
File: Figures/massatmovsvac.pdf Graphic file (type pdf)
<use Figures/massatmovsvac.pdf>
Package pdftex.def Info: Figures/massatmovsvac.pdf  used on input line 1938.
(pdftex.def)             Requested size: 310.76122pt x 233.07309pt.
 [46 <./Figures/spdatmovsvac.pdf> <./Figures/thratmovsvac.pdf>]
 Section 4.5.
[47 <./Figures/massatmovsvac.pdf>]
<Figures/trajpowvac.pdf, id=1373, 421.575pt x 316.18124pt>
File: Figures/trajpowvac.pdf Graphic file (type pdf)
<use Figures/trajpowvac.pdf>
Package pdftex.def Info: Figures/trajpowvac.pdf  used on input line 1963.
(pdftex.def)             Requested size: 310.76122pt x 233.07309pt.
<Figures/spdpowvac.pdf, id=1374, 421.575pt x 316.18124pt>
File: Figures/spdpowvac.pdf Graphic file (type pdf)
<use Figures/spdpowvac.pdf>
Package pdftex.def Info: Figures/spdpowvac.pdf  used on input line 1971.
(pdftex.def)             Requested size: 310.76122pt x 233.07309pt.
<Figures/altpowvac.pdf, id=1375, 421.575pt x 316.18124pt>
File: Figures/altpowvac.pdf Graphic file (type pdf)
<use Figures/altpowvac.pdf>
Package pdftex.def Info: Figures/altpowvac.pdf  used on input line 1979.
(pdftex.def)             Requested size: 310.76122pt x 233.07309pt.
 [48 <./Figures/trajpowvac.pdf> <./Figures/spdpowvac.pdf>]
<Figures/rngpowvac.pdf, id=1431, 421.575pt x 316.18124pt>
File: Figures/rngpowvac.pdf Graphic file (type pdf)
<use Figures/rngpowvac.pdf>
Package pdftex.def Info: Figures/rngpowvac.pdf  used on input line 1987.
(pdftex.def)             Requested size: 310.76122pt x 233.07309pt.
<Figures/thrpowvac.pdf, id=1432, 421.575pt x 316.18124pt>
File: Figures/thrpowvac.pdf Graphic file (type pdf)
<use Figures/thrpowvac.pdf>
Package pdftex.def Info: Figures/thrpowvac.pdf  used on input line 1995.
(pdftex.def)             Requested size: 310.76122pt x 233.07309pt.
 [49 <./Figures/altpowvac.pdf> <./Figures/rngpowvac.pdf>] [50 <./Figures/thrpow
vac.pdf>]
<Figures/bulldisppowvac.pdf, id=1499, 421.575pt x 316.18124pt>
File: Figures/bulldisppowvac.pdf Graphic file (type pdf)
<use Figures/bulldisppowvac.pdf>
Package pdftex.def Info: Figures/bulldisppowvac.pdf  used on input line 2066.
(pdftex.def)             Requested size: 310.76122pt x 233.07309pt.
<Figures/hfueldisppowvac.pdf, id=1500, 614.295pt x 794.97pt>
File: Figures/hfueldisppowvac.pdf Graphic file (type pdf)
<use Figures/hfueldisppowvac.pdf>
Package pdftex.def Info: Figures/hfueldisppowvac.pdf  used on input line 2074.
(pdftex.def)             Requested size: 310.76122pt x 402.1663pt.
 [51 <./Figures/bulldisppowvac.pdf>]
<Figures/hspdfaildisppowvac.pdf, id=1522, 421.575pt x 316.18124pt>
File: Figures/hspdfaildisppowvac.pdf Graphic file (type pdf)
<use Figures/hspdfaildisppowvac.pdf>
Package pdftex.def Info: Figures/hspdfaildisppowvac.pdf  used on input line 208
2.
(pdftex.def)             Requested size: 310.76122pt x 233.07309pt.
 [52 <./Figures/hfueldisppowvac.pdf>]
 Section 4.6.
<Figures/trajpowatmo.pdf, id=1551, 421.575pt x 316.18124pt>
File: Figures/trajpowatmo.pdf Graphic file (type pdf)
<use Figures/trajpowatmo.pdf>
Package pdftex.def Info: Figures/trajpowatmo.pdf  used on input line 2104.
(pdftex.def)             Requested size: 310.76122pt x 233.07309pt.
[53 <./Figures/hspdfaildisppowvac.pdf>]
<Figures/altpowatmo.pdf, id=1559, 421.575pt x 316.18124pt>
File: Figures/altpowatmo.pdf Graphic file (type pdf)
<use Figures/altpowatmo.pdf>
Package pdftex.def Info: Figures/altpowatmo.pdf  used on input line 2112.
(pdftex.def)             Requested size: 310.76122pt x 233.07309pt.
<Figures/rngpowatmo.pdf, id=1560, 421.575pt x 316.18124pt>
File: Figures/rngpowatmo.pdf Graphic file (type pdf)
<use Figures/rngpowatmo.pdf>
Package pdftex.def Info: Figures/rngpowatmo.pdf  used on input line 2120.
(pdftex.def)             Requested size: 310.76122pt x 233.07309pt.
 [54 <./Figures/trajpowatmo.pdf> <./Figures/altpowatmo.pdf>]
<Figures/spdpowatmo.pdf, id=1630, 421.575pt x 316.18124pt>
File: Figures/spdpowatmo.pdf Graphic file (type pdf)
<use Figures/spdpowatmo.pdf>
Package pdftex.def Info: Figures/spdpowatmo.pdf  used on input line 2128.
(pdftex.def)             Requested size: 310.76122pt x 233.07309pt.
<Figures/thrpowatmo.pdf, id=1631, 421.575pt x 316.18124pt>
File: Figures/thrpowatmo.pdf Graphic file (type pdf)
<use Figures/thrpowatmo.pdf>
Package pdftex.def Info: Figures/thrpowatmo.pdf  used on input line 2136.
(pdftex.def)             Requested size: 310.76122pt x 233.07309pt.
 [55 <./Figures/rngpowatmo.pdf> <./Figures/spdpowatmo.pdf>]
<Figures/bulldisppowatmo.pdf, id=1680, 421.575pt x 316.18124pt>
File: Figures/bulldisppowatmo.pdf Graphic file (type pdf)
<use Figures/bulldisppowatmo.pdf>
Package pdftex.def Info: Figures/bulldisppowatmo.pdf  used on input line 2146.
(pdftex.def)             Requested size: 310.76122pt x 233.07309pt.
[56 <./Figures/thrpowatmo.pdf> <./Figures/bulldisppowatmo.pdf>]
<Figures/hfueldisppowatmo.pdf, id=1729, 614.295pt x 794.97pt>
File: Figures/hfueldisppowatmo.pdf Graphic file (type pdf)
<use Figures/hfueldisppowatmo.pdf>
Package pdftex.def Info: Figures/hfueldisppowatmo.pdf  used on input line 2236.

(pdftex.def)             Requested size: 310.76122pt x 402.1663pt.
 [57] [58 <./Figures/hfueldisppowatmo.pdf>]
CHAPTER 5.
 Section 5.1.
<Figures/convtestatmo.pdf, id=1752, 421.575pt x 316.18124pt>
File: Figures/convtestatmo.pdf Graphic file (type pdf)
<use Figures/convtestatmo.pdf>
Package pdftex.def Info: Figures/convtestatmo.pdf  used on input line 2256.
(pdftex.def)             Requested size: 310.76122pt x 233.07309pt.
[59

]
<Figures/convtestvac.pdf, id=1760, 421.575pt x 316.18124pt>
File: Figures/convtestvac.pdf Graphic file (type pdf)
<use Figures/convtestvac.pdf>
Package pdftex.def Info: Figures/convtestvac.pdf  used on input line 2277.
(pdftex.def)             Requested size: 310.76122pt x 233.07309pt.
 [60 <./Figures/convtestatmo.pdf>]
 Section 5.2.
[61 <./Figures/convtestvac.pdf>]
 Section 5.3.
[62] [63]
CHAPTER 6.
 Section 6.1.
 Section 6.2.
[64

]
<Figures/thrtgofac.pdf, id=1948, 421.575pt x 316.18124pt>
File: Figures/thrtgofac.pdf Graphic file (type pdf)
<use Figures/thrtgofac.pdf>
Package pdftex.def Info: Figures/thrtgofac.pdf  used on input line 2355.
(pdftex.def)             Requested size: 310.76122pt x 233.07309pt.
<Figures/spdtgofac.pdf, id=1949, 421.575pt x 316.18124pt>
File: Figures/spdtgofac.pdf Graphic file (type pdf)
<use Figures/spdtgofac.pdf>
Package pdftex.def Info: Figures/spdtgofac.pdf  used on input line 2363.
(pdftex.def)             Requested size: 310.76122pt x 233.07309pt.
 [65 <./Figures/thrtgofac.pdf>]) ("thesis - (biblatex with acm_mod.bst).bbl" [6
6 <./Figures/spdtgofac.pdf>] [67

] [68]) (append.tex
APPENDIX A.
[69

]
<Figures/hrngdisppowvac.pdf, id=2014, 614.295pt x 794.97pt>
File: Figures/hrngdisppowvac.pdf Graphic file (type pdf)
<use Figures/hrngdisppowvac.pdf>
Package pdftex.def Info: Figures/hrngdisppowvac.pdf  used on input line 15.
(pdftex.def)             Requested size: 310.76122pt x 402.1663pt.
<Figures/hspddisppowvac.pdf, id=2015, 614.295pt x 794.97pt>
File: Figures/hspddisppowvac.pdf Graphic file (type pdf)
<use Figures/hspddisppowvac.pdf>
Package pdftex.def Info: Figures/hspddisppowvac.pdf  used on input line 25.
(pdftex.def)             Requested size: 310.76122pt x 402.1663pt.
 [70 <./Figures/hrngdisppowvac.pdf>]
<Figures/hrngdisppowatmo.pdf, id=2029, 614.295pt x 794.97pt>
File: Figures/hrngdisppowatmo.pdf Graphic file (type pdf)
<use Figures/hrngdisppowatmo.pdf>
Package pdftex.def Info: Figures/hrngdisppowatmo.pdf  used on input line 33.
(pdftex.def)             Requested size: 310.76122pt x 402.1663pt.
 [71 <./Figures/hspddisppowvac.pdf>]
<Figures/hspddisppowatmo.pdf, id=2043, 614.295pt x 794.97pt>
File: Figures/hspddisppowatmo.pdf Graphic file (type pdf)
<use Figures/hspddisppowatmo.pdf>
Package pdftex.def Info: Figures/hspddisppowatmo.pdf  used on input line 43.
(pdftex.def)             Requested size: 310.76122pt x 402.1663pt.

[72 <./Figures/hrngdisppowatmo.pdf>]
<Figures/hspdfaildisppowatmo.pdf, id=2057, 421.575pt x 316.18124pt>
File: Figures/hspdfaildisppowatmo.pdf Graphic file (type pdf)
<use Figures/hspdfaildisppowatmo.pdf>
Package pdftex.def Info: Figures/hspdfaildisppowatmo.pdf  used on input line 53
.
(pdftex.def)             Requested size: 310.76122pt x 233.07309pt.
 [73 <./Figures/hspddisppowatmo.pdf>])
Package atveryend Info: Empty hook `BeforeClearDocument' on input line 407.

[74 <./Figures/hspdfaildisppowatmo.pdf>]
Package atveryend Info: Empty hook `AfterLastShipout' on input line 407.

("thesis - (biblatex with acm_mod.bst).aux")
Package atveryend Info: Executing hook `AtVeryEndDocument' on input line 407.
Package atveryend Info: Executing hook `AtEndAfterFileList' on input line 407.
Package rerunfilecheck Info: File `"thesis - (biblatex with acm_mod.bst)".out' 
has not changed.
(rerunfilecheck)             Checksum: 427E077EF78E9BCBD5B9CF2E01B799C3;3100.
Package atveryend Info: Empty hook `AtVeryVeryEnd' on input line 407.
 ) 
Here is how much of TeX's memory you used:
 11910 strings out of 492976
 178656 string characters out of 3126308
 342017 words of memory out of 3000000
 15239 multiletter control sequences out of 15000+200000
 24771 words of font info for 60 fonts, out of 3000000 for 9000
 1141 hyphenation exceptions out of 8191
 45i,16n,77p,1653b,613s stack positions out of 5000i,500n,10000p,200000b,50000s
{C:/Users/stroll/AppData/Local/Programs/MiKTeX 2.9/fonts/enc/dvips/base/8r.en
c}<C:/Users/stroll/AppData/Local/Programs/MiKTeX 2.9/fonts/type1/public/amsfont
s/cm/cmbx12.pfb><C:/Users/stroll/AppData/Local/Programs/MiKTeX 2.9/fonts/type1/
public/amsfonts/cm/cmbx8.pfb><C:/Users/stroll/AppData/Local/Programs/MiKTeX 2.9
/fonts/type1/public/amsfonts/cm/cmex10.pfb><C:/Users/stroll/AppData/Local/Progr
ams/MiKTeX 2.9/fonts/type1/public/amsfonts/cm/cmmi12.pfb><C:/Users/stroll/AppDa
ta/Local/Programs/MiKTeX 2.9/fonts/type1/public/amsfonts/cm/cmmi6.pfb><C:/Users
/stroll/AppData/Local/Programs/MiKTeX 2.9/fonts/type1/public/amsfonts/cm/cmmi8.
pfb><C:/Users/stroll/AppData/Local/Programs/MiKTeX 2.9/fonts/type1/public/amsfo
nts/cm/cmmib10.pfb><C:/Users/stroll/AppData/Local/Programs/MiKTeX 2.9/fonts/typ
e1/public/amsfonts/cmextra/cmmib8.pfb><C:/Users/stroll/AppData/Local/Programs/M
iKTeX 2.9/fonts/type1/public/amsfonts/cm/cmr12.pfb><C:/Users/stroll/AppData/Loc
al/Programs/MiKTeX 2.9/fonts/type1/public/amsfonts/cm/cmr6.pfb><C:/Users/stroll
/AppData/Local/Programs/MiKTeX 2.9/fonts/type1/public/amsfonts/cm/cmr8.pfb><C:/
Users/stroll/AppData/Local/Programs/MiKTeX 2.9/fonts/type1/public/amsfonts/cm/c
msy10.pfb><C:/Users/stroll/AppData/Local/Programs/MiKTeX 2.9/fonts/type1/public
/amsfonts/cm/cmsy6.pfb><C:/Users/stroll/AppData/Local/Programs/MiKTeX 2.9/fonts
/type1/public/amsfonts/cm/cmsy8.pfb><C:/Users/stroll/AppData/Local/Programs/MiK
TeX 2.9/fonts/type1/urw/times/utmb8a.pfb><C:/Users/stroll/AppData/Local/Program
s/MiKTeX 2.9/fonts/type1/urw/times/utmbi8a.pfb><C:/Users/stroll/AppData/Local/P
rograms/MiKTeX 2.9/fonts/type1/urw/times/utmr8a.pfb><C:/Users/stroll/AppData/Lo
cal/Programs/MiKTeX 2.9/fonts/type1/urw/times/utmri8a.pfb>
Output written on "thesis - (biblatex with acm_mod.bst).pdf" (84 pages, 4540767
 bytes).
PDF statistics:
 2194 PDF objects out of 2487 (max. 8388607)
 253 named destinations out of 1000 (max. 500000)
 648 words of extra memory for PDF output out of 10000 (max. 10000000)

