This is pdfTeX, Version 3.14159265-2.6-1.40.18 (MiKTeX 2.9.6500 64-bit) (preloaded format=pdflatex 2017.11.28)  27 FEB 2018 15:28
entering extended mode
**./thesis.tex
(thesis.tex
LaTeX2e <2017-04-15>
Babel <3.15> and hyphenation patterns for 75 language(s) loaded.
(sdsu-thesis.cls
Document Class: sdsu-thesis 2012/02/13 v2012-02-13-17:31:23-PST SDSU-Thesis Cla
ss for Mathematics Department
("C:\Users\stroll\AppData\Local\Programs\MiKTeX 2.9\tex\latex\tools\calc.sty"
Package: calc 2014/10/28 v4.3 Infix arithmetic (KKT,FJ)
\calc@Acount=\count79
\calc@Bcount=\count80
\calc@Adimen=\dimen102
\calc@Bdimen=\dimen103
\calc@Askip=\skip41
\calc@Bskip=\skip42
LaTeX Info: Redefining \setlength on input line 80.
LaTeX Info: Redefining \addtolength on input line 81.
\calc@Ccount=\count81
\calc@Cskip=\skip43
)
("C:\Users\stroll\AppData\Local\Programs\MiKTeX 2.9\tex\latex\base\report.cls"
Document Class: report 2014/09/29 v1.4h Standard LaTeX document class
("C:\Users\stroll\AppData\Local\Programs\MiKTeX 2.9\tex\latex\base\size12.clo"
File: size12.clo 2014/09/29 v1.4h Standard LaTeX file (size option)
)
\c@part=\count82
\c@chapter=\count83
\c@section=\count84
\c@subsection=\count85
\c@subsubsection=\count86
\c@paragraph=\count87
\c@subparagraph=\count88
\c@figure=\count89
\c@table=\count90
\abovecaptionskip=\skip44
\belowcaptionskip=\skip45
\bibindent=\dimen104
)
\c@titlelines=\count91
\c@subsubsubsection=\count92
)
("C:\Users\stroll\AppData\Local\Programs\MiKTeX 2.9\tex\latex\graphics\epsfig.s
ty"
Package: epsfig 2017/06/25 v1.7b (e)psfig emulation (SPQR)

("C:\Users\stroll\AppData\Local\Programs\MiKTeX 2.9\tex\latex\graphics\graphicx
.sty"
Package: graphicx 2017/06/01 v1.1a Enhanced LaTeX Graphics (DPC,SPQR)

("C:\Users\stroll\AppData\Local\Programs\MiKTeX 2.9\tex\latex\graphics\keyval.s
ty"
Package: keyval 2014/10/28 v1.15 key=value parser (DPC)
\KV@toks@=\toks14
)
("C:\Users\stroll\AppData\Local\Programs\MiKTeX 2.9\tex\latex\graphics\graphics
.sty"
Package: graphics 2017/06/25 v1.2c Standard LaTeX Graphics (DPC,SPQR)

("C:\Users\stroll\AppData\Local\Programs\MiKTeX 2.9\tex\latex\graphics\trig.sty
"
Package: trig 2016/01/03 v1.10 sin cos tan (DPC)
)
("C:\Users\stroll\AppData\Local\Programs\MiKTeX 2.9\tex\latex\graphics-cfg\grap
hics.cfg"
File: graphics.cfg 2016/06/04 v1.11 sample graphics configuration
)
Package graphics Info: Driver file: pdftex.def on input line 99.

("C:\Users\stroll\AppData\Local\Programs\MiKTeX 2.9\tex\latex\graphics-def\pdft
ex.def"
File: pdftex.def 2017/06/24 v1.0g Graphics/color driver for pdftex
))
\Gin@req@height=\dimen105
\Gin@req@width=\dimen106
)
\epsfxsize=\dimen107
\epsfysize=\dimen108
)
("C:\Users\stroll\AppData\Local\Programs\MiKTeX 2.9\tex\latex\tools\bm.sty"
Package: bm 2017/01/16 v1.2c Bold Symbol Support (DPC/FMi)
\symboldoperators=\mathgroup4
\symboldletters=\mathgroup5
\symboldsymbols=\mathgroup6
LaTeX Font Info:    Redeclaring math alphabet \mathbf on input line 141.
LaTeX Info: Redefining \bm on input line 207.
)
("C:\Users\stroll\AppData\Local\Programs\MiKTeX 2.9\tex\latex\amsfonts\amsfonts
.sty"
Package: amsfonts 2013/01/14 v3.01 Basic AMSFonts support
\@emptytoks=\toks15
\symAMSa=\mathgroup7
\symAMSb=\mathgroup8
LaTeX Font Info:    Overwriting math alphabet `\mathfrak' in version `bold'
(Font)                  U/euf/m/n --> U/euf/b/n on input line 106.
)
("C:\Users\stroll\AppData\Local\Programs\MiKTeX 2.9\tex\latex\amsfonts\amssymb.
sty"
Package: amssymb 2013/01/14 v3.01 AMS font symbols
)
("C:\Users\stroll\AppData\Local\Programs\MiKTeX 2.9\tex\latex\amscls\amsthm.sty
"
Package: amsthm 2015/03/04 v2.20.2
\thm@style=\toks16
\thm@bodyfont=\toks17
\thm@headfont=\toks18
\thm@notefont=\toks19
\thm@headpunct=\toks20
\thm@preskip=\skip46
\thm@postskip=\skip47
\thm@headsep=\skip48
\dth@everypar=\toks21
)
("C:\Users\stroll\AppData\Local\Programs\MiKTeX 2.9\tex\latex\caption\caption.s
ty"
Package: caption 2016/02/21 v3.3-144 Customizing captions (AR)

("C:\Users\stroll\AppData\Local\Programs\MiKTeX 2.9\tex\latex\caption\caption3.
sty"
Package: caption3 2016/05/22 v1.7-166 caption3 kernel (AR)
Package caption3 Info: TeX engine: e-TeX on input line 67.
\captionmargin=\dimen109
\captionmargin@=\dimen110
\captionwidth=\dimen111
\caption@tempdima=\dimen112
\caption@indent=\dimen113
\caption@parindent=\dimen114
\caption@hangindent=\dimen115
Package caption Info: Unknown document class (or package),
(caption)             standard defaults will be used.
)

Package caption Warning: Unsupported document class (or package) detected,
(caption)                usage of the caption package is not recommended.
See the caption package documentation for explanation.

Package caption Info: \@makecaption = \long macro:#1#2->\vskip \abovecaptionski
p {\ssp \raggedright \bfseries #1. #2\par } \vskip \belowcaptionskip .
\c@ContinuedFloat=\count93
)
("C:\Users\stroll\AppData\Local\Programs\MiKTeX 2.9\tex\latex\algorithms\algori
thm.sty"
Package: algorithm 2009/08/24 v0.1 Document Style `algorithm' - floating enviro
nment

("C:\Users\stroll\AppData\Local\Programs\MiKTeX 2.9\tex\latex\float\float.sty"
Package: float 2001/11/08 v1.3d Float enhancements (AL)
\c@float@type=\count94
\float@exts=\toks22
\float@box=\box26
\@float@everytoks=\toks23
\@floatcapt=\box27
) ("C:\Users\stroll\AppData\Local\Programs\MiKTeX 2.9\tex\latex\base\ifthen.sty
"
Package: ifthen 2014/09/29 v1.1c Standard LaTeX ifthen package (DPC)
)
\@float@every@algorithm=\toks24
\c@algorithm=\count95
)
("C:\Users\stroll\AppData\Local\Programs\MiKTeX 2.9\tex\latex\algorithmicx\algp
seudocode.sty"
Package: algpseudocode 

("C:\Users\stroll\AppData\Local\Programs\MiKTeX 2.9\tex\latex\algorithmicx\algo
rithmicx.sty"
Package: algorithmicx 2005/04/27 v1.2 Algorithmicx

Document Style algorithmicx 1.2 - a greatly improved `algorithmic' style
\c@ALG@line=\count96
\c@ALG@rem=\count97
\c@ALG@nested=\count98
\ALG@tlm=\skip49
\ALG@thistlm=\skip50
\c@ALG@Lnr=\count99
\c@ALG@blocknr=\count100
\c@ALG@storecount=\count101
\c@ALG@tmpcounter=\count102
\ALG@tmplength=\skip51
)
Document Style - pseudocode environments for use with the `algorithmicx' style
)
("C:\Users\stroll\AppData\Local\Programs\MiKTeX 2.9\tex\latex\tools\longtable.s
ty"
Package: longtable 2014/10/28 v4.11 Multi-page Table package (DPC)
\LTleft=\skip52
\LTright=\skip53
\LTpre=\skip54
\LTpost=\skip55
\LTchunksize=\count103
\LTcapwidth=\dimen116
\LT@head=\box28
\LT@firsthead=\box29
\LT@foot=\box30
\LT@lastfoot=\box31
\LT@cols=\count104
\LT@rows=\count105
\c@LT@tables=\count106
\c@LT@chunks=\count107
\LT@p@ftn=\toks25
)
("C:\Users\stroll\AppData\Local\Programs\MiKTeX 2.9\tex\latex\booktabs\booktabs
.sty"
Package: booktabs 2005/04/14 v1.61803 publication quality tables
\heavyrulewidth=\dimen117
\lightrulewidth=\dimen118
\cmidrulewidth=\dimen119
\belowrulesep=\dimen120
\belowbottomsep=\dimen121
\aboverulesep=\dimen122
\abovetopsep=\dimen123
\cmidrulesep=\dimen124
\cmidrulekern=\dimen125
\defaultaddspace=\dimen126
\@cmidla=\count108
\@cmidlb=\count109
\@aboverulesep=\dimen127
\@belowrulesep=\dimen128
\@thisruleclass=\count110
\@lastruleclass=\count111
\@thisrulewidth=\dimen129
)
("C:\Users\stroll\AppData\Local\Programs\MiKTeX 2.9\tex\latex\tools\tabularx.st
y"
Package: tabularx 2016/02/03 v2.11 `tabularx' package (DPC)
 ("C:\Users\stroll\AppData\Local\Programs\MiKTeX 2.9\tex\latex\tools\array.sty"
Package: array 2016/10/06 v2.4d Tabular extension package (FMi)
\col@sep=\dimen130
\extrarowheight=\dimen131
\NC@list=\toks26
\extratabsurround=\skip56
\backup@length=\skip57
)
\TX@col@width=\dimen132
\TX@old@table=\dimen133
\TX@old@col=\dimen134
\TX@target=\dimen135
\TX@delta=\dimen136
\TX@cols=\count112
\TX@ftn=\toks27
)
("C:\Users\stroll\AppData\Local\Programs\MiKTeX 2.9\tex\latex\geometry\geometry
.sty"
Package: geometry 2010/09/12 v5.6 Page Geometry

("C:\Users\stroll\AppData\Local\Programs\MiKTeX 2.9\tex\generic\oberdiek\ifpdf.
sty"
Package: ifpdf 2017/03/15 v3.2 Provides the ifpdf switch
)
("C:\Users\stroll\AppData\Local\Programs\MiKTeX 2.9\tex\generic\oberdiek\ifvtex
.sty"
Package: ifvtex 2016/05/16 v1.6 Detect VTeX and its facilities (HO)
Package ifvtex Info: VTeX not detected.
)
("C:\Users\stroll\AppData\Local\Programs\MiKTeX 2.9\tex\generic\ifxetex\ifxetex
.sty"
Package: ifxetex 2010/09/12 v0.6 Provides ifxetex conditional
)
\Gm@cnth=\count113
\Gm@cntv=\count114
\c@Gm@tempcnt=\count115
\Gm@bindingoffset=\dimen137
\Gm@wd@mp=\dimen138
\Gm@odd@mp=\dimen139
\Gm@even@mp=\dimen140
\Gm@layoutwidth=\dimen141
\Gm@layoutheight=\dimen142
\Gm@layouthoffset=\dimen143
\Gm@layoutvoffset=\dimen144
\Gm@dimlist=\toks28

("C:\Users\stroll\AppData\Local\Programs\MiKTeX 2.9\tex\latex\geometry\geometry
.cfg"))
("C:\Users\stroll\AppData\Local\Programs\MiKTeX 2.9\tex\latex\ulem\ulem.sty"
\UL@box=\box32
\UL@hyphenbox=\box33
\UL@skip=\skip58
\UL@hook=\toks29
\UL@height=\dimen145
\UL@pe=\count116
\UL@pixel=\dimen146
\ULC@box=\box34
Package: ulem 2012/05/18
\ULdepth=\dimen147
)
("C:\Users\stroll\AppData\Local\Programs\MiKTeX 2.9\tex\latex\datatool\datatool
.sty"
Package: datatool 2017/11/12 v2.29 (NLCT)

("C:\Users\stroll\AppData\Local\Programs\MiKTeX 2.9\tex\latex\xkeyval\xkeyval.s
ty"
Package: xkeyval 2014/12/03 v2.7a package option processing (HA)

("C:\Users\stroll\AppData\Local\Programs\MiKTeX 2.9\tex\generic\xkeyval\xkeyval
.tex"
("C:\Users\stroll\AppData\Local\Programs\MiKTeX 2.9\tex\generic\xkeyval\xkvutil
s.tex"
\XKV@toks=\toks30
\XKV@tempa@toks=\toks31
)
\XKV@depth=\count117
File: xkeyval.tex 2014/12/03 v2.7a key=value parser (HA)
))
("C:\Users\stroll\AppData\Local\Programs\MiKTeX 2.9\tex\latex\xfor\xfor.sty"
Package: xfor 2009/02/05 v1.05 (NLCT)
)
("C:\Users\stroll\AppData\Local\Programs\MiKTeX 2.9\tex\latex\substr\substr.sty
"
Package: substr 2009/10/20 v1.2 Handle substrings
\c@su@anzahl=\count118
)
("C:\Users\stroll\AppData\Local\Programs\MiKTeX 2.9\tex\latex\etoolbox\etoolbox
.sty"
Package: etoolbox 2017/11/22 v2.5 e-TeX tools for LaTeX (JAW)
\etb@tempcnta=\count119
)
("C:\Users\stroll\AppData\Local\Programs\MiKTeX 2.9\tex\latex\datatool\datatool
-base.sty"
Package: datatool-base 2017/11/12 v2.29 (NLCT)

("C:\Users\stroll\AppData\Local\Programs\MiKTeX 2.9\tex\latex\amsmath\amsmath.s
ty"
Package: amsmath 2017/09/02 v2.17a AMS math features
\@mathmargin=\skip59

For additional information on amsmath, use the `?' option.

("C:\Users\stroll\AppData\Local\Programs\MiKTeX 2.9\tex\latex\amsmath\amstext.s
ty"
Package: amstext 2000/06/29 v2.01 AMS text

("C:\Users\stroll\AppData\Local\Programs\MiKTeX 2.9\tex\latex\amsmath\amsgen.st
y"
File: amsgen.sty 1999/11/30 v2.0 generic functions
\@emptytoks=\toks32
\ex@=\dimen148
))
("C:\Users\stroll\AppData\Local\Programs\MiKTeX 2.9\tex\latex\amsmath\amsbsy.st
y"
Package: amsbsy 1999/11/29 v1.2d Bold Symbols
LaTeX Info: Redefining \boldsymbol on input line 28.
\pmbraise@=\dimen149
)
("C:\Users\stroll\AppData\Local\Programs\MiKTeX 2.9\tex\latex\amsmath\amsopn.st
y"
Package: amsopn 2016/03/08 v2.02 operator names
)
\inf@bad=\count120
LaTeX Info: Redefining \frac on input line 213.
\uproot@=\count121
\leftroot@=\count122
LaTeX Info: Redefining \overline on input line 375.
\classnum@=\count123
\DOTSCASE@=\count124
LaTeX Info: Redefining \ldots on input line 472.
LaTeX Info: Redefining \dots on input line 475.
LaTeX Info: Redefining \cdots on input line 596.
\Mathstrutbox@=\box35
\strutbox@=\box36
\big@size=\dimen150
LaTeX Font Info:    Redeclaring font encoding OML on input line 712.
LaTeX Font Info:    Redeclaring font encoding OMS on input line 713.
\macc@depth=\count125
\c@MaxMatrixCols=\count126
\dotsspace@=\muskip10
\c@parentequation=\count127
\dspbrk@lvl=\count128
\tag@help=\toks33
\row@=\count129
\column@=\count130
\maxfields@=\count131
\andhelp@=\toks34
\eqnshift@=\dimen151
\alignsep@=\dimen152
\tagshift@=\dimen153
\tagwidth@=\dimen154
\totwidth@=\dimen155
\lineht@=\dimen156
\@envbody=\toks35
\multlinegap=\skip60
\multlinetaggap=\skip61
\mathdisplay@stack=\toks36
LaTeX Info: Redefining \[ on input line 2817.
LaTeX Info: Redefining \] on input line 2818.
)
("C:\Users\stroll\AppData\Local\Programs\MiKTeX 2.9\tex\latex\datatool\datatool
-fp.sty"
Package: datatool-fp 2017/11/12 v2.29 (NLCT)
 ("C:\Users\stroll\AppData\Local\Programs\MiKTeX 2.9\tex\latex\fp\fp.sty"
Package: fp 1995/04/02
 `Fixed Point Package', Version 0.8, April 2, 1995 (C) Michael Mehlich
("C:\Users\stroll\AppData\Local\Programs\MiKTeX 2.9\tex\latex\fp\defpattern.sty
"
Package: defpattern 1994/10/12
\actioncount=\count132
) ("C:\Users\stroll\AppData\Local\Programs\MiKTeX 2.9\tex\latex\fp\fp-basic.sty
"
Package: fp-basic 1996/05/13
\FP@xs=\count133
\FP@xia=\count134
\FP@xib=\count135
\FP@xfa=\count136
\FP@xfb=\count137
\FP@rega=\count138
\FP@regb=\count139
\FP@regs=\count140
\FP@times=\count141
)
("C:\Users\stroll\AppData\Local\Programs\MiKTeX 2.9\tex\latex\fp\fp-addons.sty"
Package: fp-addons 1995/03/15
) ("C:\Users\stroll\AppData\Local\Programs\MiKTeX 2.9\tex\latex\fp\fp-snap.sty"
Package: fp-snap 1995/04/05
) ("C:\Users\stroll\AppData\Local\Programs\MiKTeX 2.9\tex\latex\fp\fp-exp.sty"
Package: fp-exp 1995/04/03
) ("C:\Users\stroll\AppData\Local\Programs\MiKTeX 2.9\tex\latex\fp\fp-trigo.sty
"
Package: fp-trigo 1995/04/14
) ("C:\Users\stroll\AppData\Local\Programs\MiKTeX 2.9\tex\latex\fp\fp-pas.sty"
Package: fp-pas 1994/08/29
) ("C:\Users\stroll\AppData\Local\Programs\MiKTeX 2.9\tex\latex\fp\fp-random.st
y"
Package: fp-random 1995/02/23
\FPseed=\count142
) ("C:\Users\stroll\AppData\Local\Programs\MiKTeX 2.9\tex\latex\fp\fp-eqn.sty"
Package: fp-eqn 1995/04/03
) ("C:\Users\stroll\AppData\Local\Programs\MiKTeX 2.9\tex\latex\fp\fp-upn.sty"
Package: fp-upn 1996/10/21
) ("C:\Users\stroll\AppData\Local\Programs\MiKTeX 2.9\tex\latex\fp\fp-eval.sty"
Package: fp-eval 1995/04/03
)))
\@dtl@toks=\toks37
\@dtl@tmpcount=\count143
\dtl@tmplength=\skip62
\dtl@sortresult=\count144
\@dtl@numgrpsepcount=\count145
\@dtl@datatype=\count146
\dtl@codeA=\count147
\dtl@codeB=\count148
\@dtl@foreach@level=\count149
)
\dtlcolumnnum=\count150
\dtlrownum=\count151
\@dtl@before=\toks38
\@dtl@after=\toks39
\@dtl@colhead=\toks40
\dtlcurrentrow=\toks41
\dtlbeforerow=\toks42
\dtlafterrow=\toks43
\dtlforeachlevel=\count152
\c@DTLrowi=\count153
\c@DTLrowii=\count154
\c@DTLrowiii=\count155
\c@DTLrow=\count156
\dtl@rowi=\count157
\dtl@rowii=\count158
\dtl@rowiii=\count159
\@dtl@curi=\toks44
\@dtl@previ=\toks45
\@dtl@nexti=\toks46
\@dtl@curii=\toks47
\@dtl@previi=\toks48
\@dtl@nextii=\toks49
\@dtl@curiii=\toks50
\@dtl@previii=\toks51
\@dtl@nextiii=\toks52
\@dtl@elements=\count160
\@dtl@list=\toks53
\@dtl@rowa=\toks54
\@dtl@rowb=\toks55
\@dtl@toksA=\toks56
\@dtl@toksB=\toks57
\@dtl@write=\write3
\@dtl@read=\read1
\dtl@entrycr=\count161
\dtl@omitlines=\count162
)
("C:\Users\stroll\AppData\Local\Programs\MiKTeX 2.9\tex\latex\glossaries\base\g
lossaries.sty"
Package: glossaries 2017/11/14 v4.35 (NLCT)

("C:\Users\stroll\AppData\Local\Programs\MiKTeX 2.9\tex\latex\mfirstuc\mfirstuc
.sty"
Package: mfirstuc 2017/11/14 v2.06 (NLCT)
\@glsmfirst=\toks58
\@glsmrest=\toks59
)
("C:\Users\stroll\AppData\Local\Programs\MiKTeX 2.9\tex\latex\textcase\textcase
.sty"
Package: textcase 2004/10/07 v0.07 Text only upper/lower case changing (DPC)
)
("C:\Users\stroll\AppData\Local\Programs\MiKTeX 2.9\tex\latex\glossaries\base\g
lossaries-compatible-307.sty"
Package: glossaries-compatible-307 2017/11/14 v4.35 (NLCT)
)
\gls@level=\count163
\@gls@tmpb=\toks60
\gls@tmplen=\skip63
\glskeylisttok=\toks61
\glslabeltok=\toks62
\glsshorttok=\toks63
\glslongtok=\toks64

("C:\Users\stroll\AppData\Local\Programs\MiKTeX 2.9\tex\latex\glossaries\styles
\glossary-hypernav.sty"
Package: glossary-hypernav 2017/11/14 v4.35 (NLCT)
)
("C:\Users\stroll\AppData\Local\Programs\MiKTeX 2.9\tex\latex\glossaries\styles
\glossary-list.sty"
Package: glossary-list 2017/11/14 v4.35 (NLCT)
\glslistdottedwidth=\skip64
)
("C:\Users\stroll\AppData\Local\Programs\MiKTeX 2.9\tex\latex\glossaries\styles
\glossary-long.sty"
Package: glossary-long 2017/11/14 v4.35 (NLCT)
\glsdescwidth=\skip65
\glspagelistwidth=\skip66
)
("C:\Users\stroll\AppData\Local\Programs\MiKTeX 2.9\tex\latex\glossaries\styles
\glossary-super.sty"
Package: glossary-super 2017/11/14 v4.35 (NLCT)

("C:\Users\stroll\AppData\Local\Programs\MiKTeX 2.9\tex\latex\supertabular\supe
rtabular.sty"
Package: supertabular 2004/02/20 v4.1e the supertabular environment
\c@tracingst=\count164
\ST@wd=\dimen157
\ST@rightskip=\skip67
\ST@leftskip=\skip68
\ST@parfillskip=\skip69
\ST@pageleft=\dimen158
\ST@headht=\dimen159
\ST@tailht=\dimen160
\ST@pagesofar=\dimen161
\ST@pboxht=\dimen162
\ST@lineht=\dimen163
\ST@stretchht=\dimen164
\ST@prevht=\dimen165
\ST@toadd=\dimen166
\ST@dimen=\dimen167
\ST@pbox=\box37
))
("C:\Users\stroll\AppData\Local\Programs\MiKTeX 2.9\tex\latex\glossaries\styles
\glossary-tree.sty"
Package: glossary-tree 2017/11/14 v4.35 (NLCT)
\glstreeindent=\skip70
))
\glswrite=\write4
\glo@main@file=\write5
\openout5 = `thesis.glo'.

Package glossaries Info: Writing glossary file thesis.glo on input line 107.
 (glossary.tex)
\c@corollary=\count165
\c@definition=\count166
\c@lemma=\count167
\c@proposition=\count168
\c@theorem=\count169
 (thesis.aux)
\openout1 = `thesis.aux'.

LaTeX Font Info:    Checking defaults for OML/cmm/m/it on input line 217.
LaTeX Font Info:    ... okay on input line 217.
LaTeX Font Info:    Checking defaults for T1/cmr/m/n on input line 217.
LaTeX Font Info:    ... okay on input line 217.
LaTeX Font Info:    Checking defaults for OT1/cmr/m/n on input line 217.
LaTeX Font Info:    ... okay on input line 217.
LaTeX Font Info:    Checking defaults for OMS/cmsy/m/n on input line 217.
LaTeX Font Info:    ... okay on input line 217.
LaTeX Font Info:    Checking defaults for OMX/cmex/m/n on input line 217.
LaTeX Font Info:    ... okay on input line 217.
LaTeX Font Info:    Checking defaults for U/cmr/m/n on input line 217.
LaTeX Font Info:    ... okay on input line 217.
LaTeX Font Info:    Try loading font information for OT1+ptm on input line 217.


("C:\Users\stroll\AppData\Local\Programs\MiKTeX 2.9\tex\latex\psnfss\ot1ptm.fd"
File: ot1ptm.fd 2001/06/04 font definitions for OT1/ptm.
)
Note: longtable package detected, redefining the caption printing

("C:\Users\stroll\AppData\Local\Programs\MiKTeX 2.9\tex\context\base\supp-pdf.m
kii"
[Loading MPS to PDF converter (version 2006.09.02).]
\scratchcounter=\count170
\scratchdimen=\dimen168
\scratchbox=\box38
\nofMPsegments=\count171
\nofMParguments=\count172
\everyMPshowfont=\toks65
\MPscratchCnt=\count173
\MPscratchDim=\dimen169
\MPnumerator=\count174
\makeMPintoPDFobject=\count175
\everyMPtoPDFconversion=\toks66
)
("C:\Users\stroll\AppData\Local\Programs\MiKTeX 2.9\tex\latex\oberdiek\epstopdf
-base.sty"
Package: epstopdf-base 2016/05/15 v2.6 Base part for package epstopdf

("C:\Users\stroll\AppData\Local\Programs\MiKTeX 2.9\tex\generic\oberdiek\infwar
err.sty"
Package: infwarerr 2016/05/16 v1.4 Providing info/warning/error messages (HO)
)
("C:\Users\stroll\AppData\Local\Programs\MiKTeX 2.9\tex\latex\oberdiek\grfext.s
ty"
Package: grfext 2016/05/16 v1.2 Manage graphics extensions (HO)

("C:\Users\stroll\AppData\Local\Programs\MiKTeX 2.9\tex\generic\oberdiek\kvdefi
nekeys.sty"
Package: kvdefinekeys 2016/05/16 v1.4 Define keys (HO)

("C:\Users\stroll\AppData\Local\Programs\MiKTeX 2.9\tex\generic\oberdiek\ltxcmd
s.sty"
Package: ltxcmds 2016/05/16 v1.23 LaTeX kernel commands for general use (HO)
)))
("C:\Users\stroll\AppData\Local\Programs\MiKTeX 2.9\tex\latex\oberdiek\kvoption
s.sty"
Package: kvoptions 2016/05/16 v3.12 Key value format for package options (HO)

("C:\Users\stroll\AppData\Local\Programs\MiKTeX 2.9\tex\generic\oberdiek\kvsetk
eys.sty"
Package: kvsetkeys 2016/05/16 v1.17 Key value parser (HO)

("C:\Users\stroll\AppData\Local\Programs\MiKTeX 2.9\tex\generic\oberdiek\etexcm
ds.sty"
Package: etexcmds 2016/05/16 v1.6 Avoid name clashes with e-TeX commands (HO)

("C:\Users\stroll\AppData\Local\Programs\MiKTeX 2.9\tex\generic\oberdiek\ifluat
ex.sty"
Package: ifluatex 2016/05/16 v1.4 Provides the ifluatex switch (HO)
Package ifluatex Info: LuaTeX not detected.
)
Package etexcmds Info: Could not find \expanded.
(etexcmds)             That can mean that you are not using pdfTeX 1.50 or
(etexcmds)             that some package has redefined \expanded.
(etexcmds)             In the latter case, load this package earlier.
)))
("C:\Users\stroll\AppData\Local\Programs\MiKTeX 2.9\tex\generic\oberdiek\pdftex
cmds.sty"
Package: pdftexcmds 2017/03/19 v0.25 Utility functions of pdfTeX for LuaTeX (HO
)
Package pdftexcmds Info: LuaTeX not detected.
Package pdftexcmds Info: \pdf@primitive is available.
Package pdftexcmds Info: \pdf@ifprimitive is available.
Package pdftexcmds Info: \pdfdraftmode found.
)
Package epstopdf-base Info: Redefining graphics rule for `.eps' on input line 4
38.
Package grfext Info: Graphics extension search list:
(grfext)             [.pdf,.png,.jpg,.mps,.jpeg,.jbig2,.jb2,.PDF,.PNG,.JPG,.JPE
G,.JBIG2,.JB2,.eps]
(grfext)             \AppendGraphicsExtensions on input line 456.
)
Package caption Info: Begin \AtBeginDocument code.
Package caption Info: Incompatible package detected (regarding \@caption).
(caption)             \@caption = \long macro:#1[#2]#3->\par \addcontentsline {
\csname ext@#1\endcsname }{#1}{\csname fnum@#1\endcsname .\space \ignorespaces 
#2}\begingroup \@parboxrestore \if@minipage \@setminipage \fi \normalsize \@mak
ecaption {\csname fnum@#1\endcsname }{\ignorespaces #3}\par \endgroup .


Package caption Warning: \caption will not be redefined since it's already
(caption)                redefined by a document class or package which is
(caption)                unknown to the caption package.
See the caption package documentation for explanation.

Package caption Info: float package is loaded.
Package caption Info: longtable package is loaded.

("C:\Users\stroll\AppData\Local\Programs\MiKTeX 2.9\tex\latex\caption\ltcaption
.sty"
Package: ltcaption 2013/06/09 v1.4-94 longtable captions (AR)
)
Package caption Info: supertabular package is loaded.
Package caption Info: End \AtBeginDocument code.

*geometry* driver: auto-detecting
*geometry* detected driver: pdftex
*geometry* verbose mode - [ preamble ] result:
* driver: pdftex
* paper: <default>
* layout: <same size as paper>
* layoutoffset:(h,v)=(0.0pt,0.0pt)
* modes: 
* h-part:(L,W,R)=(92.14519pt, 430.00462pt, 92.14519pt)
* v-part:(T,H,B)=(95.39737pt, 556.47656pt, 143.09605pt)
* \paperwidth=614.295pt
* \paperheight=794.96999pt
* \textwidth=430.00462pt
* \textheight=556.47656pt
* \oddsidemargin=19.8752pt
* \evensidemargin=19.8752pt
* \topmargin=-3.97386pt
* \headheight=12.0pt
* \headsep=15.10124pt
* \topskip=0.0pt
* \footskip=30.0pt
* \marginparwidth=44.0pt
* \marginparsep=10.0pt
* \columnsep=10.0pt
* \skip\footins=10.8pt plus 4.0pt minus 2.0pt
* \hoffset=0.0pt
* \voffset=0.0pt
* \mag=1000
* \@twocolumnfalse
* \@twosidefalse
* \@mparswitchfalse
* \@reversemarginfalse
* (1in=72.27pt=25.4mm, 1cm=28.453pt)

LaTeX Font Info:    Font shape `OT1/ptm/bx/n' in size <12> not available
(Font)              Font shape `OT1/ptm/b/n' tried instead on input line 221.

Overfull \vbox (67.99062pt too high) has occurred while \output is active []


[1


\openout4 = `thesis.ist'.

{C:/Users/stroll/AppData/Local/MiKTeX/2.9/pdftex/config/pdftex.map}]
LaTeX Font Info:    Font shape `OT1/ptm/bx/n' in size <14.4> not available
(Font)              Font shape `OT1/ptm/b/n' tried instead on input line 225.
 [2]
LaTeX Font Info:    Try loading font information for OMS+ptm on input line 230.


("C:\Users\stroll\AppData\Local\Programs\MiKTeX 2.9\tex\latex\psnfss\omsptm.fd"
File: omsptm.fd 
)
LaTeX Font Info:    Font shape `OMS/ptm/m/n' in size <12> not available
(Font)              Font shape `OMS/cmsy/m/n' tried instead on input line 230.
 [3] (abstract.tex) [4

] (thesis.toc
LaTeX Font Info:    Try loading font information for U+msa on input line 1.

("C:\Users\stroll\AppData\Local\Programs\MiKTeX 2.9\tex\latex\amsfonts\umsa.fd"
File: umsa.fd 2013/01/14 v3.01 AMS symbols A
)
LaTeX Font Info:    Try loading font information for U+msb on input line 1.
 ("C:\Users\stroll\AppData\Local\Programs\MiKTeX 2.9\tex\latex\amsfonts\umsb.fd
"
File: umsb.fd 2013/01/14 v3.01 AMS symbols B
) [5

])
\tf@toc=\write6
\openout6 = `thesis.toc'.

 [6] [7] (thesis.lot)
\tf@lot=\write7
\openout7 = `thesis.lot'.

 [8

] (thesis.lof
Underfull \hbox (badness 4181) in paragraph at lines 1--1
 [][] \OT1/ptm/m/n/12 Fig-ure 2.1. Ve-hi-cle Body Axes. Source: Hall, N. Air-cr
aft 
 []


Underfull \hbox (badness 10000) in paragraph at lines 1--1
 \OT1/ptm/m/n/12 Ro-ta-tions Body Axes. NASA Glenn Re-search Cen-ter, 
 []


Underfull \hbox (badness 10000) in paragraph at lines 1--1
 \OT1/ptm/m/n/12 https://www.grc.nasa.gov/www/k-12/airplane/rotations.html, 
 []

[9

])
\tf@lof=\write8
\openout8 = `thesis.lof'.

 [10]
No file thesis.gls.
[11

] [12

] (body.tex
CHAPTER 1.
LaTeX Font Info:    Font shape `OT1/ptm/bx/sc' in size <14.4> not available
(Font)              Font shape `OT1/ptm/b/sc' tried instead on input line 12.
 Section 1.1.
LaTeX Font Info:    Font shape `OT1/ptm/bx/sc' in size <12> not available
(Font)              Font shape `OT1/ptm/b/sc' tried instead on input line 20.
[1

]
 Section 1.2.
[2]
 Section 1.3.
[3]
 Section 1.4.
[4]
 Section 1.5.
[5] [6]
CHAPTER 2.
 Section 2.1.
[7

] [8]
 Section 2.2.
<Figures/bodyaxes.jpg, id=77, 533.74406pt x 401.24907pt>
File: Figures/bodyaxes.jpg Graphic file (type jpg)
<use Figures/bodyaxes.jpg>
Package pdftex.def Info: Figures/bodyaxes.jpg  used on input line 449. on input
 line 449.
Package pdftex.def Info: Requested size: 325.215pt x 244.49217pt on input line 
449.

Underfull \hbox (badness 1546) in paragraph at lines 450--450
[]\OT1/ptm/b/n/12 Figure 2.1. |Ve-hi-cle Body Axes. Source: Hall, N. Air-
 []


Underfull \hbox (badness 10000) in paragraph at lines 450--450
\OT1/ptm/b/n/12 https://www.grc.nasa.gov/www/k-12/airplane/rotations.html,
 []

[9]
 Section 2.3.
[10 <./Figures/bodyaxes.jpg>]
 Subsection 2.3.1.
[11]
 Subsection 2.3.2.
[12]
 Subsection 2.3.3.
 Subsubsection 2.3.3.1.
 Subsubsection 2.3.3.2.
[13] [14]
 Subsection 2.3.4.
[15]
 Subsection 2.3.5.
[16] [17]
 Section 2.4.
[18] [19] [20]
CHAPTER 3.
 Section 3.1.
[21

]
 Section 3.2.
[22] [23]
 Section 3.3.
 Section 3.4.
[24]
 Section 3.5.
 Subsection 3.5.1.
<Figures/CobraMRV.png, id=134, 816.1692pt x 542.5068pt>
File: Figures/CobraMRV.png Graphic file (type png)
<use Figures/CobraMRV.png>
Package pdftex.def Info: Figures/CobraMRV.png  used on input line 982. on input
 line 982.
Package pdftex.def Info: Requested size: 325.215pt x 216.17108pt on input line 
982.
[25]
 Subsection 3.5.2.
[26 <./Figures/CobraMRV.png>]
 Subsection 3.5.3.
[27]
 Section 3.6.
[28]
 Section 3.7.
[29]
<Figures/trajunpowvac_1.pdf, id=153, pagebox=cropbox, 421.575pt x 316.18124pt>
File: Figures/trajunpowvac_1.pdf Graphic file (type pdf)
<use Figures/trajunpowvac_1.pdf>
Package pdftex.def Info: Figures/trajunpowvac_1.pdf  used on input line 1089. o
n input line 1089.
Package pdftex.def Info: Requested size: 325.215pt x 243.9138pt on input line 1
089.
 [30]
<Figures/trajunpowvacgr.pdf, id=157, pagebox=cropbox, 421.575pt x 316.18124pt>
File: Figures/trajunpowvacgr.pdf Graphic file (type pdf)
<use Figures/trajunpowvacgr.pdf>
Package pdftex.def Info: Figures/trajunpowvacgr.pdf  used on input line 1097. o
n input line 1097.
Package pdftex.def Info: Requested size: 325.215pt x 243.9138pt on input line 1
097.
 [31 <./Figures/trajunpowvac_1.pdf>]
<Figures/trajunpowatmo_1.pdf, id=196, pagebox=cropbox, 421.575pt x 316.18124pt>

File: Figures/trajunpowatmo_1.pdf Graphic file (type pdf)
<use Figures/trajunpowatmo_1.pdf>
Package pdftex.def Info: Figures/trajunpowatmo_1.pdf  used on input line 1107. 
on input line 1107.
Package pdftex.def Info: Requested size: 325.215pt x 243.9138pt on input line 1
107.
 [32 <./Figures/trajunpowvacgr.pdf>]
<Figures/trajunpowatmo_2.pdf, id=217, pagebox=cropbox, 421.575pt x 316.18124pt>

File: Figures/trajunpowatmo_2.pdf Graphic file (type pdf)
<use Figures/trajunpowatmo_2.pdf>
Package pdftex.def Info: Figures/trajunpowatmo_2.pdf  used on input line 1115. 
on input line 1115.
Package pdftex.def Info: Requested size: 325.215pt x 243.9138pt on input line 1
115.
 [33 <./Figures/trajunpowatmo_1.pdf>] [34 <./Figures/trajunpowatmo_2.pdf>]
CHAPTER 4.
[35

]
 Subsection 4.0.1.
<Figures/gtcriteriavac.pdf, id=284, pagebox=cropbox, 421.575pt x 316.18124pt>
File: Figures/gtcriteriavac.pdf Graphic file (type pdf)
<use Figures/gtcriteriavac.pdf>
Package pdftex.def Info: Figures/gtcriteriavac.pdf  used on input line 1607. on
 input line 1607.
Package pdftex.def Info: Requested size: 325.215pt x 243.9138pt on input line 1
607.
[36 <./Figures/gtcriteriavac.pdf>]
<Figures/gtcriteriaatmo.pdf, id=304, pagebox=cropbox, 421.575pt x 316.18124pt>
File: Figures/gtcriteriaatmo.pdf Graphic file (type pdf)
<use Figures/gtcriteriaatmo.pdf>
Package pdftex.def Info: Figures/gtcriteriaatmo.pdf  used on input line 1617. o
n input line 1617.
Package pdftex.def Info: Requested size: 325.215pt x 243.9138pt on input line 1
617.

 Subsection 4.0.2.
[37 <./Figures/gtcriteriaatmo.pdf>]
<Figures/trajEvsAPDG.pdf, id=325, pagebox=cropbox, 421.575pt x 316.18124pt>
File: Figures/trajEvsAPDG.pdf Graphic file (type pdf)
<use Figures/trajEvsAPDG.pdf>
Package pdftex.def Info: Figures/trajEvsAPDG.pdf  used on input line 1640. on i
nput line 1640.
Package pdftex.def Info: Requested size: 325.215pt x 243.9138pt on input line 1
640.
<Figures/altEvsAPDG.pdf, id=326, pagebox=cropbox, 421.575pt x 316.18124pt>
File: Figures/altEvsAPDG.pdf Graphic file (type pdf)
<use Figures/altEvsAPDG.pdf>
Package pdftex.def Info: Figures/altEvsAPDG.pdf  used on input line 1648. on in
put line 1648.
Package pdftex.def Info: Requested size: 325.215pt x 243.9138pt on input line 1
648.
 [38 <./Figures/trajEvsAPDG.pdf>]
<Figures/rngEvsAPDG.pdf, id=364, pagebox=cropbox, 421.575pt x 316.18124pt>
File: Figures/rngEvsAPDG.pdf Graphic file (type pdf)
<use Figures/rngEvsAPDG.pdf>
Package pdftex.def Info: Figures/rngEvsAPDG.pdf  used on input line 1656. on in
put line 1656.
Package pdftex.def Info: Requested size: 325.215pt x 243.9138pt on input line 1
656.
 [39 <./Figures/altEvsAPDG.pdf>]
<Figures/spdEvsAPDG.pdf, id=391, pagebox=cropbox, 421.575pt x 316.18124pt>
File: Figures/spdEvsAPDG.pdf Graphic file (type pdf)
<use Figures/spdEvsAPDG.pdf>
Package pdftex.def Info: Figures/spdEvsAPDG.pdf  used on input line 1664. on in
put line 1664.
Package pdftex.def Info: Requested size: 325.215pt x 243.9138pt on input line 1
664.
 [40 <./Figures/rngEvsAPDG.pdf>]
<Figures/thrEvsAPDG.pdf, id=416, pagebox=cropbox, 421.575pt x 316.18124pt>
File: Figures/thrEvsAPDG.pdf Graphic file (type pdf)
<use Figures/thrEvsAPDG.pdf>
Package pdftex.def Info: Figures/thrEvsAPDG.pdf  used on input line 1672. on in
put line 1672.
Package pdftex.def Info: Requested size: 325.215pt x 243.9138pt on input line 1
672.
 [41 <./Figures/spdEvsAPDG.pdf>]
<Figures/fatEvsAPDG.pdf, id=441, pagebox=cropbox, 421.575pt x 316.18124pt>
File: Figures/fatEvsAPDG.pdf Graphic file (type pdf)
<use Figures/fatEvsAPDG.pdf>
Package pdftex.def Info: Figures/fatEvsAPDG.pdf  used on input line 1680. on in
put line 1680.
Package pdftex.def Info: Requested size: 325.215pt x 243.9138pt on input line 1
680.
 [42 <./Figures/thrEvsAPDG.pdf>] [43 <./Figures/fatEvsAPDG.pdf>]
 Subsection 4.0.3.
[44]
 Subsection 4.0.4.
[45]
<Figures/trajatmovsvac.pdf, id=499, pagebox=cropbox, 421.575pt x 316.18124pt>
File: Figures/trajatmovsvac.pdf Graphic file (type pdf)
<use Figures/trajatmovsvac.pdf>
Package pdftex.def Info: Figures/trajatmovsvac.pdf  used on input line 1798. on
 input line 1798.
Package pdftex.def Info: Requested size: 325.215pt x 243.9138pt on input line 1
798.
 [46]
<Figures/altatmovsvac.pdf, id=503, pagebox=cropbox, 421.575pt x 316.18124pt>
File: Figures/altatmovsvac.pdf Graphic file (type pdf)
<use Figures/altatmovsvac.pdf>
Package pdftex.def Info: Figures/altatmovsvac.pdf  used on input line 1806. on 
input line 1806.
Package pdftex.def Info: Requested size: 325.215pt x 243.9138pt on input line 1
806.
 [47 <./Figures/trajatmovsvac.pdf>]
<Figures/rngatmovsvac.pdf, id=545, pagebox=cropbox, 421.575pt x 316.18124pt>
File: Figures/rngatmovsvac.pdf Graphic file (type pdf)
<use Figures/rngatmovsvac.pdf>
Package pdftex.def Info: Figures/rngatmovsvac.pdf  used on input line 1814. on 
input line 1814.
Package pdftex.def Info: Requested size: 325.215pt x 243.9138pt on input line 1
814.
 [48 <./Figures/altatmovsvac.pdf>]
<Figures/spdatmovsvac.pdf, id=572, pagebox=cropbox, 421.575pt x 316.18124pt>
File: Figures/spdatmovsvac.pdf Graphic file (type pdf)
<use Figures/spdatmovsvac.pdf>
Package pdftex.def Info: Figures/spdatmovsvac.pdf  used on input line 1822. on 
input line 1822.
Package pdftex.def Info: Requested size: 325.215pt x 243.9138pt on input line 1
822.

[49 <./Figures/rngatmovsvac.pdf>]
<Figures/thratmovsvac.pdf, id=598, pagebox=cropbox, 421.575pt x 316.18124pt>
File: Figures/thratmovsvac.pdf Graphic file (type pdf)
<use Figures/thratmovsvac.pdf>
Package pdftex.def Info: Figures/thratmovsvac.pdf  used on input line 1830. on 
input line 1830.
Package pdftex.def Info: Requested size: 325.215pt x 243.9138pt on input line 1
830.
 [50 <./Figures/spdatmovsvac.pdf>]
<Figures/massatmovsvac.pdf, id=623, pagebox=cropbox, 421.575pt x 316.18124pt>
File: Figures/massatmovsvac.pdf Graphic file (type pdf)
<use Figures/massatmovsvac.pdf>
Package pdftex.def Info: Figures/massatmovsvac.pdf  used on input line 1838. on
 input line 1838.
Package pdftex.def Info: Requested size: 325.215pt x 243.9138pt on input line 1
838.
 [51 <./Figures/thratmovsvac.pdf>]
 Subsection 4.0.5.
[52 <./Figures/massatmovsvac.pdf>]
<Figures/trajpowvac.pdf, id=672, pagebox=cropbox, 421.575pt x 316.18124pt>
File: Figures/trajpowvac.pdf Graphic file (type pdf)
<use Figures/trajpowvac.pdf>
Package pdftex.def Info: Figures/trajpowvac.pdf  used on input line 1863. on in
put line 1863.
Package pdftex.def Info: Requested size: 325.215pt x 243.9138pt on input line 1
863.
<Figures/spdpowvac.pdf, id=673, pagebox=cropbox, 421.575pt x 316.18124pt>
File: Figures/spdpowvac.pdf Graphic file (type pdf)
<use Figures/spdpowvac.pdf>
Package pdftex.def Info: Figures/spdpowvac.pdf  used on input line 1871. on inp
ut line 1871.
Package pdftex.def Info: Requested size: 325.215pt x 243.9138pt on input line 1
871.
 [53 <./Figures/trajpowvac.pdf>]
<Figures/altpowvac.pdf, id=711, pagebox=cropbox, 421.575pt x 316.18124pt>
File: Figures/altpowvac.pdf Graphic file (type pdf)
<use Figures/altpowvac.pdf>
Package pdftex.def Info: Figures/altpowvac.pdf  used on input line 1879. on inp
ut line 1879.
Package pdftex.def Info: Requested size: 325.215pt x 243.9138pt on input line 1
879.
 [54 <./Figures/spdpowvac.pdf>]
<Figures/rngpowvac.pdf, id=732, pagebox=cropbox, 421.575pt x 316.18124pt>
File: Figures/rngpowvac.pdf Graphic file (type pdf)
<use Figures/rngpowvac.pdf>
Package pdftex.def Info: Figures/rngpowvac.pdf  used on input line 1887. on inp
ut line 1887.
Package pdftex.def Info: Requested size: 325.215pt x 243.9138pt on input line 1
887.
 [55 <./Figures/altpowvac.pdf>]
<Figures/thrpowvac.pdf, id=756, pagebox=cropbox, 421.575pt x 316.18124pt>
File: Figures/thrpowvac.pdf Graphic file (type pdf)
<use Figures/thrpowvac.pdf>
Package pdftex.def Info: Figures/thrpowvac.pdf  used on input line 1895. on inp
ut line 1895.
Package pdftex.def Info: Requested size: 325.215pt x 243.9138pt on input line 1
895.
 [56 <./Figures/rngpowvac.pdf>]
Overfull \hbox (0.74948pt too wide) in paragraph at lines 1958--1958
 []|\OT1/ptm/m/n/12 11650.1|
 []


Overfull \hbox (0.74948pt too wide) in paragraph at lines 1958--1958
 []|\OT1/ptm/m/n/12 11184.7|
 []


Overfull \hbox (0.74948pt too wide) in paragraph at lines 1958--1958
 []|\OT1/ptm/m/n/12 11264.0|
 []


Overfull \hbox (0.74948pt too wide) in paragraph at lines 1958--1958
 []|\OT1/ptm/m/n/12 11634.4|
 []


Overfull \hbox (0.74948pt too wide) in paragraph at lines 1958--1958
 []|\OT1/ptm/m/n/12 12032.7|
 []


Overfull \hbox (0.74948pt too wide) in paragraph at lines 1958--1958
 []|\OT1/ptm/m/n/12 12436.7|
 []


Overfull \hbox (0.74948pt too wide) in paragraph at lines 1958--1958
 []|\OT1/ptm/m/n/12 11885.2|
 []


Overfull \hbox (0.74948pt too wide) in paragraph at lines 1958--1958
 []|\OT1/ptm/m/n/12 13482.2|
 []


Overfull \hbox (0.74948pt too wide) in paragraph at lines 1958--1958
 []|\OT1/ptm/m/n/12 12306.1|
 []


Overfull \hbox (0.74948pt too wide) in paragraph at lines 1958--1958
 []|\OT1/ptm/m/n/12 12188.7|
 []


Overfull \hbox (0.74948pt too wide) in paragraph at lines 1958--1958
 []|\OT1/ptm/m/n/12 12330.1|
 []


Overfull \hbox (0.74948pt too wide) in paragraph at lines 1958--1958
 []|\OT1/ptm/m/n/12 12936.5|
 []


Overfull \hbox (0.74948pt too wide) in paragraph at lines 1958--1958
 []|\OT1/ptm/m/n/12 13189.6|
 []


Overfull \hbox (0.74948pt too wide) in paragraph at lines 1958--1958
 []|\OT1/ptm/m/n/12 12706.8|
 []


Overfull \hbox (0.74948pt too wide) in paragraph at lines 1958--1958
 []|\OT1/ptm/m/n/12 10078.8|
 []


Overfull \hbox (0.74948pt too wide) in paragraph at lines 1958--1958
 []|\OT1/ptm/m/n/12 10495.6|
 []


Overfull \hbox (0.74948pt too wide) in paragraph at lines 1958--1958
 []|\OT1/ptm/m/n/12 10977.1|
 []


Overfull \hbox (0.74948pt too wide) in paragraph at lines 1958--1958
 []|\OT1/ptm/m/n/12 11230.6|
 []


Overfull \hbox (0.74948pt too wide) in paragraph at lines 1958--1958
 []|\OT1/ptm/m/n/12 11710.8|
 []


Overfull \hbox (0.74948pt too wide) in paragraph at lines 1958--1958
 []|\OT1/ptm/m/n/12 11123.6|
 []

[57 <./Figures/thrpowvac.pdf>]
 Subsection 4.0.6.
<Figures/trajpowatmo.pdf, id=798, pagebox=cropbox, 421.575pt x 316.18124pt>
File: Figures/trajpowatmo.pdf Graphic file (type pdf)
<use Figures/trajpowatmo.pdf>
Package pdftex.def Info: Figures/trajpowatmo.pdf  used on input line 1977. on i
nput line 1977.
Package pdftex.def Info: Requested size: 325.215pt x 243.9138pt on input line 1
977.
[58]
<Figures/altpowatmo.pdf, id=802, pagebox=cropbox, 421.575pt x 316.18124pt>
File: Figures/altpowatmo.pdf Graphic file (type pdf)
<use Figures/altpowatmo.pdf>
Package pdftex.def Info: Figures/altpowatmo.pdf  used on input line 1985. on in
put line 1985.
Package pdftex.def Info: Requested size: 325.215pt x 243.9138pt on input line 1
985.
 [59 <./Figures/trajpowatmo.pdf>]
<Figures/rngpowatmo.pdf, id=848, pagebox=cropbox, 421.575pt x 316.18124pt>
File: Figures/rngpowatmo.pdf Graphic file (type pdf)
<use Figures/rngpowatmo.pdf>
Package pdftex.def Info: Figures/rngpowatmo.pdf  used on input line 1993. on in
put line 1993.
Package pdftex.def Info: Requested size: 325.215pt x 243.9138pt on input line 1
993.
 [60 <./Figures/altpowatmo.pdf>]
<Figures/spdpowatmo.pdf, id=875, pagebox=cropbox, 421.575pt x 316.18124pt>
File: Figures/spdpowatmo.pdf Graphic file (type pdf)
<use Figures/spdpowatmo.pdf>
Package pdftex.def Info: Figures/spdpowatmo.pdf  used on input line 2001. on in
put line 2001.
Package pdftex.def Info: Requested size: 325.215pt x 243.9138pt on input line 2
001.
 [61 <./Figures/rngpowatmo.pdf>]
<Figures/thrpowatmo.pdf, id=901, pagebox=cropbox, 421.575pt x 316.18124pt>
File: Figures/thrpowatmo.pdf Graphic file (type pdf)
<use Figures/thrpowatmo.pdf>
Package pdftex.def Info: Figures/thrpowatmo.pdf  used on input line 2009. on in
put line 2009.
Package pdftex.def Info: Requested size: 325.215pt x 243.9138pt on input line 2
009.
 [62 <./Figures/spdpowatmo.pdf>]
Overfull \hbox (0.74948pt too wide) in paragraph at lines 2090--2090
 []|\OT1/ptm/m/n/12 10141.2|
 []


Overfull \hbox (0.74948pt too wide) in paragraph at lines 2090--2090
 []|\OT1/ptm/m/n/12 10010.2|
 []


Overfull \hbox (0.74948pt too wide) in paragraph at lines 2090--2090
 []|\OT1/ptm/m/n/12 10413.7|
 []


Overfull \hbox (0.74948pt too wide) in paragraph at lines 2090--2090
 []|\OT1/ptm/m/n/12 11490.2|
 []


Overfull \hbox (0.74948pt too wide) in paragraph at lines 2090--2090
 []|\OT1/ptm/m/n/12 10865.0|
 []


Overfull \hbox (0.74948pt too wide) in paragraph at lines 2090--2090
 []|\OT1/ptm/m/n/12 10668.1|
 []


Overfull \hbox (0.74948pt too wide) in paragraph at lines 2090--2090
 []|\OT1/ptm/m/n/12 10633.8|
 []


Overfull \hbox (0.74948pt too wide) in paragraph at lines 2090--2090
 []|\OT1/ptm/m/n/12 10751.3|
 []


Overfull \hbox (0.74948pt too wide) in paragraph at lines 2090--2090
 []|\OT1/ptm/m/n/12 11049.1|
 []


Overfull \hbox (0.74948pt too wide) in paragraph at lines 2090--2090
 []|\OT1/ptm/m/n/12 10698.2|
 []

[63 <./Figures/thrpowatmo.pdf>] [64]
CHAPTER 5.
 Section 5.1.
<Figures/convtestatmo.pdf, id=954, pagebox=cropbox, 421.575pt x 316.18124pt>
File: Figures/convtestatmo.pdf Graphic file (type pdf)
<use Figures/convtestatmo.pdf>
Package pdftex.def Info: Figures/convtestatmo.pdf  used on input line 2110. on 
input line 2110.
Package pdftex.def Info: Requested size: 325.215pt x 243.9138pt on input line 2
110.
[65

] [66 <./Figures/convtestatmo.pdf>]
<Figures/convtestvac.pdf, id=1021, pagebox=cropbox, 421.575pt x 316.18124pt>
File: Figures/convtestvac.pdf Graphic file (type pdf)
<use Figures/convtestvac.pdf>
Package pdftex.def Info: Figures/convtestvac.pdf  used on input line 2131. on i
nput line 2131.
Package pdftex.def Info: Requested size: 325.215pt x 243.9138pt on input line 2
131.

 Section 5.2.
[67 <./Figures/convtestvac.pdf>]
 Section 5.3.
[68] [69]
CHAPTER 6.
 Section 6.1.
 Section 6.2.
[70

]
<Figures/thrtgofac.pdf, id=1110, pagebox=cropbox, 421.575pt x 316.18124pt>
File: Figures/thrtgofac.pdf Graphic file (type pdf)
<use Figures/thrtgofac.pdf>
Package pdftex.def Info: Figures/thrtgofac.pdf  used on input line 2209. on inp
ut line 2209.
Package pdftex.def Info: Requested size: 325.215pt x 243.9138pt on input line 2
209.
 [71]
<Figures/spdtgofac.pdf, id=1114, pagebox=cropbox, 421.575pt x 316.18124pt>
File: Figures/spdtgofac.pdf Graphic file (type pdf)
<use Figures/spdtgofac.pdf>
Package pdftex.def Info: Figures/spdtgofac.pdf  used on input line 2217. on inp
ut line 2217.
Package pdftex.def Info: Requested size: 325.215pt x 243.9138pt on input line 2
217.
 [72 <./Figures/thrtgofac.pdf>]) (thesis.bbl [73 <./Figures/spdtgofac.pdf>] [74

]) (append.tex
APPENDIX A.
[75

] [76]
APPENDIX B.
[77

]) [78] (thesis.aux) ) 
Here is how much of TeX's memory you used:
 10334 strings out of 493312
 159677 string characters out of 3129391
 311269 words of memory out of 3000000
 13594 multiletter control sequences out of 15000+200000
 23142 words of font info for 58 fonts, out of 3000000 for 9000
 1141 hyphenation exceptions out of 8191
 45i,16n,76p,1989b,474s stack positions out of 5000i,500n,10000p,200000b,50000s
{C:/Users/stroll/AppData/Local/Programs/MiKTeX 2.9/fonts/
enc/dvips/base/8r.enc}<C:/Users/stroll/AppData/Local/Programs/MiKTeX 2.9/fonts/
type1/public/amsfonts/cm/cmbx12.pfb><C:/Users/stroll/AppData/Local/Programs/MiK
TeX 2.9/fonts/type1/public/amsfonts/cm/cmbx8.pfb><C:/Users/stroll/AppData/Local
/Programs/MiKTeX 2.9/fonts/type1/public/amsfonts/cm/cmex10.pfb><C:/Users/stroll
/AppData/Local/Programs/MiKTeX 2.9/fonts/type1/public/amsfonts/cm/cmmi12.pfb><C
:/Users/stroll/AppData/Local/Programs/MiKTeX 2.9/fonts/type1/public/amsfonts/cm
/cmmi6.pfb><C:/Users/stroll/AppData/Local/Programs/MiKTeX 2.9/fonts/type1/publi
c/amsfonts/cm/cmmi8.pfb><C:/Users/stroll/AppData/Local/Programs/MiKTeX 2.9/font
s/type1/public/amsfonts/cm/cmmib10.pfb><C:/Users/stroll/AppData/Local/Programs/
MiKTeX 2.9/fonts/type1/public/amsfonts/cmextra/cmmib8.pfb><C:/Users/stroll/AppD
ata/Local/Programs/MiKTeX 2.9/fonts/type1/public/amsfonts/cm/cmr12.pfb><C:/User
s/stroll/AppData/Local/Programs/MiKTeX 2.9/fonts/type1/public/amsfonts/cm/cmr6.
pfb><C:/Users/stroll/AppData/Local/Programs/MiKTeX 2.9/fonts/type1/public/amsfo
nts/cm/cmr8.pfb><C:/Users/stroll/AppData/Local/Programs/MiKTeX 2.9/fonts/type1/
public/amsfonts/cm/cmsy10.pfb><C:/Users/stroll/AppData/Local/Programs/MiKTeX 2.
9/fonts/type1/public/amsfonts/cm/cmsy6.pfb><C:/Users/stroll/AppData/Local/Progr
ams/MiKTeX 2.9/fonts/type1/public/amsfonts/cm/cmsy8.pfb><C:/Users/stroll/AppDat
a/Local/Programs/MiKTeX 2.9/fonts/type1/public/amsfonts/symbols/msbm10.pfb><C:/
Users/stroll/AppData/Local/Programs/MiKTeX 2.9/fonts/type1/urw/times/utmb8a.pfb
><C:/Users/stroll/AppData/Local/Programs/MiKTeX 2.9/fonts/type1/urw/times/utmr8
a.pfb><C:/Users/stroll/AppData/Local/Programs/MiKTeX 2.9/fonts/type1/urw/times/
utmri8a.pfb>
Output written on thesis.pdf (90 pages, 4249141 bytes).
PDF statistics:
 1238 PDF objects out of 1440 (max. 8388607)
 0 named destinations out of 1000 (max. 500000)
 171 words of extra memory for PDF output out of 10000 (max. 10000000)

