This is pdfTeX, Version 3.14159265-2.6-1.40.18 (MiKTeX 2.9.6500 64-bit) (preloaded format=pdflatex 2017.11.28)  20 MAR 2018 08:40
entering extended mode
**./thesis.tex
(thesis.tex
LaTeX2e <2017-04-15>
Babel <3.15> and hyphenation patterns for 75 language(s) loaded.
(sdsu-thesis.cls
Document Class: sdsu-thesis 2012/02/13 v2012-02-13-17:31:23-PST SDSU-Thesis Cla
ss for Mathematics Department
("C:\Users\stroll\AppData\Local\Programs\MiKTeX 2.9\tex\latex\tools\calc.sty"
Package: calc 2014/10/28 v4.3 Infix arithmetic (KKT,FJ)
\calc@Acount=\count79
\calc@Bcount=\count80
\calc@Adimen=\dimen102
\calc@Bdimen=\dimen103
\calc@Askip=\skip41
\calc@Bskip=\skip42
LaTeX Info: Redefining \setlength on input line 80.
LaTeX Info: Redefining \addtolength on input line 81.
\calc@Ccount=\count81
\calc@Cskip=\skip43
)
("C:\Users\stroll\AppData\Local\Programs\MiKTeX 2.9\tex\latex\base\report.cls"
Document Class: report 2014/09/29 v1.4h Standard LaTeX document class
("C:\Users\stroll\AppData\Local\Programs\MiKTeX 2.9\tex\latex\base\size12.clo"
File: size12.clo 2014/09/29 v1.4h Standard LaTeX file (size option)
)
\c@part=\count82
\c@chapter=\count83
\c@section=\count84
\c@subsection=\count85
\c@subsubsection=\count86
\c@paragraph=\count87
\c@subparagraph=\count88
\c@figure=\count89
\c@table=\count90
\abovecaptionskip=\skip44
\belowcaptionskip=\skip45
\bibindent=\dimen104
)
\c@titlelines=\count91
\c@subsubsubsection=\count92
)
("C:\Users\stroll\AppData\Local\Programs\MiKTeX 2.9\tex\latex\graphics\epsfig.s
ty"
Package: epsfig 2017/06/25 v1.7b (e)psfig emulation (SPQR)

("C:\Users\stroll\AppData\Local\Programs\MiKTeX 2.9\tex\latex\graphics\graphicx
.sty"
Package: graphicx 2017/06/01 v1.1a Enhanced LaTeX Graphics (DPC,SPQR)

("C:\Users\stroll\AppData\Local\Programs\MiKTeX 2.9\tex\latex\graphics\keyval.s
ty"
Package: keyval 2014/10/28 v1.15 key=value parser (DPC)
\KV@toks@=\toks14
)
("C:\Users\stroll\AppData\Local\Programs\MiKTeX 2.9\tex\latex\graphics\graphics
.sty"
Package: graphics 2017/06/25 v1.2c Standard LaTeX Graphics (DPC,SPQR)

("C:\Users\stroll\AppData\Local\Programs\MiKTeX 2.9\tex\latex\graphics\trig.sty
"
Package: trig 2016/01/03 v1.10 sin cos tan (DPC)
)
("C:\Users\stroll\AppData\Local\Programs\MiKTeX 2.9\tex\latex\graphics-cfg\grap
hics.cfg"
File: graphics.cfg 2016/06/04 v1.11 sample graphics configuration
)
Package graphics Info: Driver file: pdftex.def on input line 99.

("C:\Users\stroll\AppData\Local\Programs\MiKTeX 2.9\tex\latex\graphics-def\pdft
ex.def"
File: pdftex.def 2017/06/24 v1.0g Graphics/color driver for pdftex
))
\Gin@req@height=\dimen105
\Gin@req@width=\dimen106
)
\epsfxsize=\dimen107
\epsfysize=\dimen108
)
("C:\Users\stroll\AppData\Local\Programs\MiKTeX 2.9\tex\latex\amsmath\amsmath.s
ty"
Package: amsmath 2017/09/02 v2.17a AMS math features
\@mathmargin=\skip46

For additional information on amsmath, use the `?' option.

("C:\Users\stroll\AppData\Local\Programs\MiKTeX 2.9\tex\latex\amsmath\amstext.s
ty"
Package: amstext 2000/06/29 v2.01 AMS text

("C:\Users\stroll\AppData\Local\Programs\MiKTeX 2.9\tex\latex\amsmath\amsgen.st
y"
File: amsgen.sty 1999/11/30 v2.0 generic functions
\@emptytoks=\toks15
\ex@=\dimen109
))
("C:\Users\stroll\AppData\Local\Programs\MiKTeX 2.9\tex\latex\amsmath\amsbsy.st
y"
Package: amsbsy 1999/11/29 v1.2d Bold Symbols
\pmbraise@=\dimen110
)
("C:\Users\stroll\AppData\Local\Programs\MiKTeX 2.9\tex\latex\amsmath\amsopn.st
y"
Package: amsopn 2016/03/08 v2.02 operator names
)
\inf@bad=\count93
LaTeX Info: Redefining \frac on input line 213.
\uproot@=\count94
\leftroot@=\count95
LaTeX Info: Redefining \overline on input line 375.
\classnum@=\count96
\DOTSCASE@=\count97
LaTeX Info: Redefining \ldots on input line 472.
LaTeX Info: Redefining \dots on input line 475.
LaTeX Info: Redefining \cdots on input line 596.
\Mathstrutbox@=\box26
\strutbox@=\box27
\big@size=\dimen111
LaTeX Font Info:    Redeclaring font encoding OML on input line 712.
LaTeX Font Info:    Redeclaring font encoding OMS on input line 713.
\macc@depth=\count98
\c@MaxMatrixCols=\count99
\dotsspace@=\muskip10
\c@parentequation=\count100
\dspbrk@lvl=\count101
\tag@help=\toks16
\row@=\count102
\column@=\count103
\maxfields@=\count104
\andhelp@=\toks17
\eqnshift@=\dimen112
\alignsep@=\dimen113
\tagshift@=\dimen114
\tagwidth@=\dimen115
\totwidth@=\dimen116
\lineht@=\dimen117
\@envbody=\toks18
\multlinegap=\skip47
\multlinetaggap=\skip48
\mathdisplay@stack=\toks19
LaTeX Info: Redefining \[ on input line 2817.
LaTeX Info: Redefining \] on input line 2818.
)
("C:\Users\stroll\AppData\Local\Programs\MiKTeX 2.9\tex\latex\amsfonts\amsfonts
.sty"
Package: amsfonts 2013/01/14 v3.01 Basic AMSFonts support
\symAMSa=\mathgroup4
\symAMSb=\mathgroup5
LaTeX Font Info:    Overwriting math alphabet `\mathfrak' in version `bold'
(Font)                  U/euf/m/n --> U/euf/b/n on input line 106.
)
("C:\Users\stroll\AppData\Local\Programs\MiKTeX 2.9\tex\latex\amsfonts\amssymb.
sty"
Package: amssymb 2013/01/14 v3.01 AMS font symbols
)
("C:\Users\stroll\AppData\Local\Programs\MiKTeX 2.9\tex\latex\amscls\amsthm.sty
"
Package: amsthm 2015/03/04 v2.20.2
\thm@style=\toks20
\thm@bodyfont=\toks21
\thm@headfont=\toks22
\thm@notefont=\toks23
\thm@headpunct=\toks24
\thm@preskip=\skip49
\thm@postskip=\skip50
\thm@headsep=\skip51
\dth@everypar=\toks25
)
("C:\Users\stroll\AppData\Local\Programs\MiKTeX 2.9\tex\latex\caption\caption.s
ty"
Package: caption 2016/02/21 v3.3-144 Customizing captions (AR)

("C:\Users\stroll\AppData\Local\Programs\MiKTeX 2.9\tex\latex\caption\caption3.
sty"
Package: caption3 2016/05/22 v1.7-166 caption3 kernel (AR)
Package caption3 Info: TeX engine: e-TeX on input line 67.
\captionmargin=\dimen118
\captionmargin@=\dimen119
\captionwidth=\dimen120
\caption@tempdima=\dimen121
\caption@indent=\dimen122
\caption@parindent=\dimen123
\caption@hangindent=\dimen124
Package caption Info: Unknown document class (or package),
(caption)             standard defaults will be used.
)

Package caption Warning: Unsupported document class (or package) detected,
(caption)                usage of the caption package is not recommended.
See the caption package documentation for explanation.

Package caption Info: \@makecaption = \long macro:#1#2->\vskip \abovecaptionski
p {\ssp \raggedright \bfseries #1. #2\par } \vskip \belowcaptionskip .
\c@ContinuedFloat=\count105
)
("C:\Users\stroll\AppData\Local\Programs\MiKTeX 2.9\tex\latex\tools\longtable.s
ty"
Package: longtable 2014/10/28 v4.11 Multi-page Table package (DPC)
\LTleft=\skip52
\LTright=\skip53
\LTpre=\skip54
\LTpost=\skip55
\LTchunksize=\count106
\LTcapwidth=\dimen125
\LT@head=\box28
\LT@firsthead=\box29
\LT@foot=\box30
\LT@lastfoot=\box31
\LT@cols=\count107
\LT@rows=\count108
\c@LT@tables=\count109
\c@LT@chunks=\count110
\LT@p@ftn=\toks26
) ("C:\Users\stroll\AppData\Local\Programs\MiKTeX 2.9\tex\latex\ulem\ulem.sty"
\UL@box=\box32
\UL@hyphenbox=\box33
\UL@skip=\skip56
\UL@hook=\toks27
\UL@height=\dimen126
\UL@pe=\count111
\UL@pixel=\dimen127
\ULC@box=\box34
Package: ulem 2012/05/18
\ULdepth=\dimen128
)
("C:\Users\stroll\AppData\Local\Programs\MiKTeX 2.9\tex\latex\datatool\datatool
.sty"
Package: datatool 2017/11/12 v2.29 (NLCT)

("C:\Users\stroll\AppData\Local\Programs\MiKTeX 2.9\tex\latex\xkeyval\xkeyval.s
ty"
Package: xkeyval 2014/12/03 v2.7a package option processing (HA)

("C:\Users\stroll\AppData\Local\Programs\MiKTeX 2.9\tex\generic\xkeyval\xkeyval
.tex"
("C:\Users\stroll\AppData\Local\Programs\MiKTeX 2.9\tex\generic\xkeyval\xkvutil
s.tex"
\XKV@toks=\toks28
\XKV@tempa@toks=\toks29
)
\XKV@depth=\count112
File: xkeyval.tex 2014/12/03 v2.7a key=value parser (HA)
))
("C:\Users\stroll\AppData\Local\Programs\MiKTeX 2.9\tex\latex\base\ifthen.sty"
Package: ifthen 2014/09/29 v1.1c Standard LaTeX ifthen package (DPC)
) ("C:\Users\stroll\AppData\Local\Programs\MiKTeX 2.9\tex\latex\xfor\xfor.sty"
Package: xfor 2009/02/05 v1.05 (NLCT)
)
("C:\Users\stroll\AppData\Local\Programs\MiKTeX 2.9\tex\latex\substr\substr.sty
"
Package: substr 2009/10/20 v1.2 Handle substrings
\c@su@anzahl=\count113
)
("C:\Users\stroll\AppData\Local\Programs\MiKTeX 2.9\tex\latex\etoolbox\etoolbox
.sty"
Package: etoolbox 2017/11/22 v2.5 e-TeX tools for LaTeX (JAW)
\etb@tempcnta=\count114
)
("C:\Users\stroll\AppData\Local\Programs\MiKTeX 2.9\tex\latex\datatool\datatool
-base.sty"
Package: datatool-base 2017/11/12 v2.29 (NLCT)

("C:\Users\stroll\AppData\Local\Programs\MiKTeX 2.9\tex\latex\datatool\datatool
-fp.sty"
Package: datatool-fp 2017/11/12 v2.29 (NLCT)
 ("C:\Users\stroll\AppData\Local\Programs\MiKTeX 2.9\tex\latex\fp\fp.sty"
Package: fp 1995/04/02
 `Fixed Point Package', Version 0.8, April 2, 1995 (C) Michael Mehlich
("C:\Users\stroll\AppData\Local\Programs\MiKTeX 2.9\tex\latex\fp\defpattern.sty
"
Package: defpattern 1994/10/12
\actioncount=\count115
) ("C:\Users\stroll\AppData\Local\Programs\MiKTeX 2.9\tex\latex\fp\fp-basic.sty
"
Package: fp-basic 1996/05/13
\FP@xs=\count116
\FP@xia=\count117
\FP@xib=\count118
\FP@xfa=\count119
\FP@xfb=\count120
\FP@rega=\count121
\FP@regb=\count122
\FP@regs=\count123
\FP@times=\count124
)
("C:\Users\stroll\AppData\Local\Programs\MiKTeX 2.9\tex\latex\fp\fp-addons.sty"
Package: fp-addons 1995/03/15
) ("C:\Users\stroll\AppData\Local\Programs\MiKTeX 2.9\tex\latex\fp\fp-snap.sty"
Package: fp-snap 1995/04/05
) ("C:\Users\stroll\AppData\Local\Programs\MiKTeX 2.9\tex\latex\fp\fp-exp.sty"
Package: fp-exp 1995/04/03
) ("C:\Users\stroll\AppData\Local\Programs\MiKTeX 2.9\tex\latex\fp\fp-trigo.sty
"
Package: fp-trigo 1995/04/14
) ("C:\Users\stroll\AppData\Local\Programs\MiKTeX 2.9\tex\latex\fp\fp-pas.sty"
Package: fp-pas 1994/08/29
) ("C:\Users\stroll\AppData\Local\Programs\MiKTeX 2.9\tex\latex\fp\fp-random.st
y"
Package: fp-random 1995/02/23
\FPseed=\count125
) ("C:\Users\stroll\AppData\Local\Programs\MiKTeX 2.9\tex\latex\fp\fp-eqn.sty"
Package: fp-eqn 1995/04/03
) ("C:\Users\stroll\AppData\Local\Programs\MiKTeX 2.9\tex\latex\fp\fp-upn.sty"
Package: fp-upn 1996/10/21
) ("C:\Users\stroll\AppData\Local\Programs\MiKTeX 2.9\tex\latex\fp\fp-eval.sty"
Package: fp-eval 1995/04/03
)))
\@dtl@toks=\toks30
\@dtl@tmpcount=\count126
\dtl@tmplength=\skip57
\dtl@sortresult=\count127
\@dtl@numgrpsepcount=\count128
\@dtl@datatype=\count129
\dtl@codeA=\count130
\dtl@codeB=\count131
\@dtl@foreach@level=\count132
)
\dtlcolumnnum=\count133
\dtlrownum=\count134
\@dtl@before=\toks31
\@dtl@after=\toks32
\@dtl@colhead=\toks33
\dtlcurrentrow=\toks34
\dtlbeforerow=\toks35
\dtlafterrow=\toks36
\dtlforeachlevel=\count135
\c@DTLrowi=\count136
\c@DTLrowii=\count137
\c@DTLrowiii=\count138
\c@DTLrow=\count139
\dtl@rowi=\count140
\dtl@rowii=\count141
\dtl@rowiii=\count142
\@dtl@curi=\toks37
\@dtl@previ=\toks38
\@dtl@nexti=\toks39
\@dtl@curii=\toks40
\@dtl@previi=\toks41
\@dtl@nextii=\toks42
\@dtl@curiii=\toks43
\@dtl@previii=\toks44
\@dtl@nextiii=\toks45
\@dtl@elements=\count143
\@dtl@list=\toks46
\@dtl@rowa=\toks47
\@dtl@rowb=\toks48
\@dtl@toksA=\toks49
\@dtl@toksB=\toks50
\@dtl@write=\write3
\@dtl@read=\read1
\dtl@entrycr=\count144
\dtl@omitlines=\count145
)
("C:\Users\stroll\AppData\Local\Programs\MiKTeX 2.9\tex\latex\glossaries\base\g
lossaries.sty"
Package: glossaries 2017/11/14 v4.35 (NLCT)

("C:\Users\stroll\AppData\Local\Programs\MiKTeX 2.9\tex\latex\mfirstuc\mfirstuc
.sty"
Package: mfirstuc 2017/11/14 v2.06 (NLCT)
\@glsmfirst=\toks51
\@glsmrest=\toks52
)
("C:\Users\stroll\AppData\Local\Programs\MiKTeX 2.9\tex\latex\textcase\textcase
.sty"
Package: textcase 2004/10/07 v0.07 Text only upper/lower case changing (DPC)
)
("C:\Users\stroll\AppData\Local\Programs\MiKTeX 2.9\tex\latex\glossaries\base\g
lossaries-compatible-307.sty"
Package: glossaries-compatible-307 2017/11/14 v4.35 (NLCT)
)
\gls@level=\count146
\@gls@tmpb=\toks53
\gls@tmplen=\skip58
\glskeylisttok=\toks54
\glslabeltok=\toks55
\glsshorttok=\toks56
\glslongtok=\toks57

("C:\Users\stroll\AppData\Local\Programs\MiKTeX 2.9\tex\latex\glossaries\styles
\glossary-hypernav.sty"
Package: glossary-hypernav 2017/11/14 v4.35 (NLCT)
)
("C:\Users\stroll\AppData\Local\Programs\MiKTeX 2.9\tex\latex\glossaries\styles
\glossary-list.sty"
Package: glossary-list 2017/11/14 v4.35 (NLCT)
\glslistdottedwidth=\skip59
)
("C:\Users\stroll\AppData\Local\Programs\MiKTeX 2.9\tex\latex\glossaries\styles
\glossary-long.sty"
Package: glossary-long 2017/11/14 v4.35 (NLCT)
\glsdescwidth=\skip60
\glspagelistwidth=\skip61
)
("C:\Users\stroll\AppData\Local\Programs\MiKTeX 2.9\tex\latex\glossaries\styles
\glossary-super.sty"
Package: glossary-super 2017/11/14 v4.35 (NLCT)

("C:\Users\stroll\AppData\Local\Programs\MiKTeX 2.9\tex\latex\supertabular\supe
rtabular.sty"
Package: supertabular 2004/02/20 v4.1e the supertabular environment
\c@tracingst=\count147
\ST@wd=\dimen129
\ST@rightskip=\skip62
\ST@leftskip=\skip63
\ST@parfillskip=\skip64
\ST@pageleft=\dimen130
\ST@headht=\dimen131
\ST@tailht=\dimen132
\ST@pagesofar=\dimen133
\ST@pboxht=\dimen134
\ST@lineht=\dimen135
\ST@stretchht=\dimen136
\ST@prevht=\dimen137
\ST@toadd=\dimen138
\ST@dimen=\dimen139
\ST@pbox=\box35
))
("C:\Users\stroll\AppData\Local\Programs\MiKTeX 2.9\tex\latex\glossaries\styles
\glossary-tree.sty"
Package: glossary-tree 2017/11/14 v4.35 (NLCT)
\glstreeindent=\skip65
))
\glswrite=\write4
\glo@main@file=\write5
\openout5 = `thesis.glo'.

Package glossaries Info: Writing glossary file thesis.glo on input line 97.
 (glossary.tex)
\c@corollary=\count148
\c@definition=\count149
\c@lemma=\count150
\c@proposition=\count151
\c@theorem=\count152
 (thesis.aux)
\openout1 = `thesis.aux'.

LaTeX Font Info:    Checking defaults for OML/cmm/m/it on input line 210.
LaTeX Font Info:    ... okay on input line 210.
LaTeX Font Info:    Checking defaults for T1/cmr/m/n on input line 210.
LaTeX Font Info:    ... okay on input line 210.
LaTeX Font Info:    Checking defaults for OT1/cmr/m/n on input line 210.
LaTeX Font Info:    ... okay on input line 210.
LaTeX Font Info:    Checking defaults for OMS/cmsy/m/n on input line 210.
LaTeX Font Info:    ... okay on input line 210.
LaTeX Font Info:    Checking defaults for OMX/cmex/m/n on input line 210.
LaTeX Font Info:    ... okay on input line 210.
LaTeX Font Info:    Checking defaults for U/cmr/m/n on input line 210.
LaTeX Font Info:    ... okay on input line 210.
LaTeX Font Info:    Try loading font information for OT1+ptm on input line 210.


("C:\Users\stroll\AppData\Local\Programs\MiKTeX 2.9\tex\latex\psnfss\ot1ptm.fd"
File: ot1ptm.fd 2001/06/04 font definitions for OT1/ptm.
)
Note: longtable package detected, redefining the caption printing

("C:\Users\stroll\AppData\Local\Programs\MiKTeX 2.9\tex\context\base\supp-pdf.m
kii"
[Loading MPS to PDF converter (version 2006.09.02).]
\scratchcounter=\count153
\scratchdimen=\dimen140
\scratchbox=\box36
\nofMPsegments=\count154
\nofMParguments=\count155
\everyMPshowfont=\toks58
\MPscratchCnt=\count156
\MPscratchDim=\dimen141
\MPnumerator=\count157
\makeMPintoPDFobject=\count158
\everyMPtoPDFconversion=\toks59
)
("C:\Users\stroll\AppData\Local\Programs\MiKTeX 2.9\tex\latex\oberdiek\epstopdf
-base.sty"
Package: epstopdf-base 2016/05/15 v2.6 Base part for package epstopdf

("C:\Users\stroll\AppData\Local\Programs\MiKTeX 2.9\tex\generic\oberdiek\infwar
err.sty"
Package: infwarerr 2016/05/16 v1.4 Providing info/warning/error messages (HO)
)
("C:\Users\stroll\AppData\Local\Programs\MiKTeX 2.9\tex\latex\oberdiek\grfext.s
ty"
Package: grfext 2016/05/16 v1.2 Manage graphics extensions (HO)

("C:\Users\stroll\AppData\Local\Programs\MiKTeX 2.9\tex\generic\oberdiek\kvdefi
nekeys.sty"
Package: kvdefinekeys 2016/05/16 v1.4 Define keys (HO)

("C:\Users\stroll\AppData\Local\Programs\MiKTeX 2.9\tex\generic\oberdiek\ltxcmd
s.sty"
Package: ltxcmds 2016/05/16 v1.23 LaTeX kernel commands for general use (HO)
)))
("C:\Users\stroll\AppData\Local\Programs\MiKTeX 2.9\tex\latex\oberdiek\kvoption
s.sty"
Package: kvoptions 2016/05/16 v3.12 Key value format for package options (HO)

("C:\Users\stroll\AppData\Local\Programs\MiKTeX 2.9\tex\generic\oberdiek\kvsetk
eys.sty"
Package: kvsetkeys 2016/05/16 v1.17 Key value parser (HO)

("C:\Users\stroll\AppData\Local\Programs\MiKTeX 2.9\tex\generic\oberdiek\etexcm
ds.sty"
Package: etexcmds 2016/05/16 v1.6 Avoid name clashes with e-TeX commands (HO)

("C:\Users\stroll\AppData\Local\Programs\MiKTeX 2.9\tex\generic\oberdiek\ifluat
ex.sty"
Package: ifluatex 2016/05/16 v1.4 Provides the ifluatex switch (HO)
Package ifluatex Info: LuaTeX not detected.
)
Package etexcmds Info: Could not find \expanded.
(etexcmds)             That can mean that you are not using pdfTeX 1.50 or
(etexcmds)             that some package has redefined \expanded.
(etexcmds)             In the latter case, load this package earlier.
)))
("C:\Users\stroll\AppData\Local\Programs\MiKTeX 2.9\tex\generic\oberdiek\pdftex
cmds.sty"
Package: pdftexcmds 2017/03/19 v0.25 Utility functions of pdfTeX for LuaTeX (HO
)

("C:\Users\stroll\AppData\Local\Programs\MiKTeX 2.9\tex\generic\oberdiek\ifpdf.
sty"
Package: ifpdf 2017/03/15 v3.2 Provides the ifpdf switch
)
Package pdftexcmds Info: LuaTeX not detected.
Package pdftexcmds Info: \pdf@primitive is available.
Package pdftexcmds Info: \pdf@ifprimitive is available.
Package pdftexcmds Info: \pdfdraftmode found.
)
Package epstopdf-base Info: Redefining graphics rule for `.eps' on input line 4
38.
Package grfext Info: Graphics extension search list:
(grfext)             [.pdf,.png,.jpg,.mps,.jpeg,.jbig2,.jb2,.PDF,.PNG,.JPG,.JPE
G,.JBIG2,.JB2,.eps]
(grfext)             \AppendGraphicsExtensions on input line 456.
)
Package caption Info: Begin \AtBeginDocument code.
Package caption Info: Incompatible package detected (regarding \@caption).
(caption)             \@caption = \long macro:#1[#2]#3->\par \addcontentsline {
\csname ext@#1\endcsname }{#1}{\csname fnum@#1\endcsname .\space \ignorespaces 
#2}\begingroup \@parboxrestore \if@minipage \@setminipage \fi \normalsize \@mak
ecaption {\csname fnum@#1\endcsname }{\ignorespaces #3}\par \endgroup .


Package caption Warning: \caption will not be redefined since it's already
(caption)                redefined by a document class or package which is
(caption)                unknown to the caption package.
See the caption package documentation for explanation.

Package caption Info: longtable package is loaded.

("C:\Users\stroll\AppData\Local\Programs\MiKTeX 2.9\tex\latex\caption\ltcaption
.sty"
Package: ltcaption 2013/06/09 v1.4-94 longtable captions (AR)
)
Package caption Info: supertabular package is loaded.
Package caption Info: End \AtBeginDocument code.
LaTeX Font Info:    Font shape `OT1/ptm/bx/n' in size <12> not available
(Font)              Font shape `OT1/ptm/b/n' tried instead on input line 214.
LaTeX Font Info:    Try loading font information for U+msa on input line 214.

("C:\Users\stroll\AppData\Local\Programs\MiKTeX 2.9\tex\latex\amsfonts\umsa.fd"
File: umsa.fd 2013/01/14 v3.01 AMS symbols A
)
LaTeX Font Info:    Try loading font information for U+msb on input line 214.
 ("C:\Users\stroll\AppData\Local\Programs\MiKTeX 2.9\tex\latex\amsfonts\umsb.fd
"
File: umsb.fd 2013/01/14 v3.01 AMS symbols B
)
LaTeX Font Info:    Font shape `OT1/ptm/bx/n' in size <8> not available
(Font)              Font shape `OT1/ptm/b/n' tried instead on input line 214.
 [1


\openout4 = `thesis.ist'.

{C:/Users/stroll/AppData/Local/MiKTeX/2.9/pdftex/config/pdftex.map}]
LaTeX Font Info:    Font shape `OT1/ptm/bx/n' in size <14.4> not available
(Font)              Font shape `OT1/ptm/b/n' tried instead on input line 218.

[2]
LaTeX Font Info:    Try loading font information for OMS+ptm on input line 223.


("C:\Users\stroll\AppData\Local\Programs\MiKTeX 2.9\tex\latex\psnfss\omsptm.fd"
File: omsptm.fd 
)
LaTeX Font Info:    Font shape `OMS/ptm/m/n' in size <12> not available
(Font)              Font shape `OMS/cmsy/m/n' tried instead on input line 223.
 [3] [4

] [5] (abstract.tex) [6

] (thesis.toc
Underfull \hbox (badness 10000) in paragraph at lines 14--14
 [][] []\OT1/ptm/m/n/12 MISCELLANEOUS COM-MANDS: AN IN-TRO-DUC-TION TO 
 []

[7

])
\tf@toc=\write6
\openout6 = `thesis.toc'.

 [8] (thesis.lot)
\tf@lot=\write7
\openout7 = `thesis.lot'.

 [9

] (thesis.lof)
\tf@lof=\write8
\openout8 = `thesis.lof'.

 [10

]
No file thesis.gls.
[11

] [12

] (body.tex
CHAPTER 1.
LaTeX Font Info:    Font shape `OT1/ptm/bx/sc' in size <14.4> not available
(Font)              Font shape `OT1/ptm/b/sc' tried instead on input line 12.
 Section 1.1.
LaTeX Font Info:    Font shape `OT1/ptm/bx/sc' in size <12> not available
(Font)              Font shape `OT1/ptm/b/sc' tried instead on input line 21.
 Section 1.2.
[1

]
 Section 1.3.
[2]
 Section 1.4.
LaTeX Font Info:    Font shape `OT1/ptm/bx/sc' in size <10> not available
(Font)              Font shape `OT1/ptm/b/sc' tried instead on input line 141.
LaTeX Font Info:    Try loading font information for OMS+cmtt on input line 154
.
LaTeX Font Info:    No file OMScmtt.fd. on input line 154.

LaTeX Font Warning: Font shape `OMS/cmtt/m/n' undefined
(Font)              using `OMS/cmsy/m/n' instead
(Font)              for symbol `textbraceleft' on input line 154.

[3]
LaTeX Font Info:    Font shape `OT1/ptm/bx/n' in size <10> not available
(Font)              Font shape `OT1/ptm/b/n' tried instead on input line 197.
 [4] [5]
CHAPTER 2.
 Section 2.1.

Overfull \hbox (20.58517pt too wide) in paragraph at lines 288--288
[]  \OT1/cmtt/m/n/12 \int_{\partial \Omega} \omega = \int_{\Omega} d\omega.[] 
 []

 Section 2.2.
[6

]
 Section 2.3.
[7]
 Section 2.4.
LaTeX Font Info:    Font shape `OT1/ptm/bx/n' in size <10.95> not available
(Font)              Font shape `OT1/ptm/b/n' tried instead on input line 424.
LaTeX Font Info:    Font shape `OT1/ptm/bx/it' in size <10.95> not available
(Font)              Font shape `OT1/ptm/b/it' tried instead on input line 424.
[8]
Package epstopdf Info: Source file: <Figures/plot2.eps>
(epstopdf)                    date: 2010-09-23 21:47:28
(epstopdf)                    size: 24137 bytes
(epstopdf)             Output file: <Figures/plot2-eps-converted-to.pdf>
(epstopdf)             Command: <epstopdf --outfile=Figures/plot2-eps-converted
-to.pdf Figures/plot2.eps>
(epstopdf)             \includegraphics on input line 473.
runsystem(epstopdf --outfile=Figures/plot2-eps-converted-to.pdf Figures/plot2.e
ps)...executed (allowed).

Package epstopdf Info: Result file: <Figures/plot2-eps-converted-to.pdf>
(epstopdf)                    date: 2018-03-20 08:40:32
(epstopdf)                    size: 8940 bytes.
<Figures/plot2-eps-converted-to.pdf, id=79, pagebox=cropbox, 385.44pt x 246.922
5pt>
File: Figures/plot2-eps-converted-to.pdf Graphic file (type pdf)
<use Figures/plot2-eps-converted-to.pdf>
Package pdftex.def Info: Figures/plot2-eps-converted-to.pdf  used on input line
 473. on input line 473.
Package pdftex.def Info: Requested size: 325.215pt x 208.34033pt on input line 
473.
LaTeX Font Info:    Font shape `OT1/ptm/bx/it' in size <12> not available
(Font)              Font shape `OT1/ptm/b/it' tried instead on input line 480.


LaTeX Font Warning: Font shape `OMS/ptm/bx/n' undefined
(Font)              using `OMS/ptm/m/n' instead
(Font)              for symbol `textsection' on input line 480.

LaTeX Font Info:    Font shape `OMS/ptm/bx/n' in size <12> not available
(Font)              Font shape `OMS/cmsy/m/n' tried instead on input line 480.
Package epstopdf Info: Source file: <Figures/mapping.eps>
(epstopdf)                    date: 2010-09-23 21:47:28
(epstopdf)                    size: 18338 bytes
(epstopdf)             Output file: <Figures/mapping-eps-converted-to.pdf>
(epstopdf)             Command: <epstopdf --outfile=Figures/mapping-eps-convert
ed-to.pdf Figures/mapping.eps>
(epstopdf)             \includegraphics on input line 487.
runsystem(epstopdf --outfile=Figures/mapping-eps-converted-to.pdf Figures/mappi
ng.eps)...executed (allowed).

Package epstopdf Info: Result file: <Figures/mapping-eps-converted-to.pdf>
(epstopdf)                    date: 2018-03-20 08:40:33
(epstopdf)                    size: 6529 bytes.
<Figures/mapping-eps-converted-to.pdf, id=80, pagebox=cropbox, 378.41376pt x 15
6.585pt>
File: Figures/mapping-eps-converted-to.pdf Graphic file (type pdf)
<use Figures/mapping-eps-converted-to.pdf>
Package pdftex.def Info: Figures/mapping-eps-converted-to.pdf  used on input li
ne 487. on input line 487.
Package pdftex.def Info: Requested size: 325.215pt x 134.57205pt on input line 
487.
[9 <./Figures/plot2-eps-converted-to.pdf>]
 Section 2.5.

Underfull \hbox (badness 1558) in paragraph at lines 531--531
\OT1/ptm/b/n/12 e-ters Used in Some Nu-
 []

LaTeX Font Info:    Font shape `OT1/cmtt/bx/n' in size <12> not available
(Font)              Font shape `OT1/cmtt/m/n' tried instead on input line 598.
[10 <./Figures/mapping-eps-converted-to.pdf>] [11] [12]
Overfull \hbox (1.59021pt too wide) in paragraph at lines 679--708
[][] 
 []

Package epstopdf Info: Source file: <Figures/somb.eps>
(epstopdf)                    date: 2010-09-23 21:47:28
(epstopdf)                    size: 55673 bytes
(epstopdf)             Output file: <Figures/somb-eps-converted-to.pdf>
(epstopdf)             Command: <epstopdf --outfile=Figures/somb-eps-converted-
to.pdf Figures/somb.eps>
(epstopdf)             \includegraphics on input line 714.
runsystem(epstopdf --outfile=Figures/somb-eps-converted-to.pdf Figures/somb.eps
)...executed (allowed).

Package epstopdf Info: Result file: <Figures/somb-eps-converted-to.pdf>
(epstopdf)                    date: 2018-03-20 08:40:33
(epstopdf)                    size: 14794 bytes.
<Figures/somb-eps-converted-to.pdf, id=105, pagebox=cropbox, 453.695pt x 350.30
875pt>
File: Figures/somb-eps-converted-to.pdf Graphic file (type pdf)
<use Figures/somb-eps-converted-to.pdf>
Package pdftex.def Info: Figures/somb-eps-converted-to.pdf  used on input line 
714. on input line 714.
Package pdftex.def Info: Requested size: 325.215pt x 251.10493pt on input line 
714.
Package epstopdf Info: Source file: <Figures/cos.eps>
(epstopdf)                    date: 2010-09-23 21:47:28
(epstopdf)                    size: 42787 bytes
(epstopdf)             Output file: <Figures/cos-eps-converted-to.pdf>
(epstopdf)             Command: <epstopdf --outfile=Figures/cos-eps-converted-t
o.pdf Figures/cos.eps>
(epstopdf)             \includegraphics on input line 715.
runsystem(epstopdf --outfile=Figures/cos-eps-converted-to.pdf Figures/cos.eps).
..executed (allowed).

Package epstopdf Info: Result file: <Figures/cos-eps-converted-to.pdf>
(epstopdf)                    date: 2018-03-20 08:40:34
(epstopdf)                    size: 12801 bytes.
<Figures/cos-eps-converted-to.pdf, id=106, pagebox=cropbox, 453.695pt x 350.308
75pt>
File: Figures/cos-eps-converted-to.pdf Graphic file (type pdf)
<use Figures/cos-eps-converted-to.pdf>
Package pdftex.def Info: Figures/cos-eps-converted-to.pdf  used on input line 7
15. on input line 715.
Package pdftex.def Info: Requested size: 325.215pt x 251.10493pt on input line 
715.
 Section 2.6.
 Subsection 2.6.1.
 Subsubsection 2.6.1.1.
[13] [14] [15 <./Figures/somb-eps-converted-to.pdf> <./Figures/cos-eps-converte
d-to.pdf>]
 Subsection 2.6.2.
 Subsection 2.6.3.
 Subsection 2.6.4.
[16]
 Subsection 2.6.5.
 Subsection 2.6.6.
[17]
CHAPTER 3.
 Section 3.1.
 Subsection 3.1.1.
 Subsubsection 3.1.1.1.
 Subsubsubsection 3.1.1.1.1.
[18

]
CHAPTER 4.
) (thesis.bbl [19

] [20

] [21]) (append.tex
APPENDIX A.
[22

]
 Section A.1.
[23] [24]
APPENDIX B.
[25

]) [26] (thesis.aux)

LaTeX Font Warning: Some font shapes were not available, defaults substituted.

 ) 
Here is how much of TeX's memory you used:
 8906 strings out of 493312
 136695 string characters out of 3129391
 278132 words of memory out of 3000000
 12222 multiletter control sequences out of 15000+200000
 45629 words of font info for 97 fonts, out of 3000000 for 9000
 1141 hyphenation exceptions out of 8191
 45i,18n,84p,1989b,446s stack positions out of 5000i,500n,10000p,200000b,50000s
{C:/Users/stroll/AppData/Local/Programs/MiKTeX 2.9/fonts/enc/dvips/base/8r.en
c}<C:/Users/stroll/AppData/Local/Programs/MiKTeX 2.9/fonts/type1/public/amsfont
s/cm/cmbx12.pfb><C:/Users/stroll/AppData/Local/Programs/MiKTeX 2.9/fonts/type1/
public/amsfonts/cm/cmex10.pfb><C:/Users/stroll/AppData/Local/Programs/MiKTeX 2.
9/fonts/type1/public/amsfonts/cm/cmitt10.pfb><C:/Users/stroll/AppData/Local/Pro
grams/MiKTeX 2.9/fonts/type1/public/amsfonts/cm/cmmi10.pfb><C:/Users/stroll/App
Data/Local/Programs/MiKTeX 2.9/fonts/type1/public/amsfonts/cm/cmmi12.pfb><C:/Us
ers/stroll/AppData/Local/Programs/MiKTeX 2.9/fonts/type1/public/amsfonts/cm/cmm
i8.pfb><C:/Users/stroll/AppData/Local/Programs/MiKTeX 2.9/fonts/type1/public/am
sfonts/cm/cmr10.pfb><C:/Users/stroll/AppData/Local/Programs/MiKTeX 2.9/fonts/ty
pe1/public/amsfonts/cm/cmr12.pfb><C:/Users/stroll/AppData/Local/Programs/MiKTeX
 2.9/fonts/type1/public/amsfonts/cm/cmr7.pfb><C:/Users/stroll/AppData/Local/Pro
grams/MiKTeX 2.9/fonts/type1/public/amsfonts/cm/cmr8.pfb><C:/Users/stroll/AppDa
ta/Local/Programs/MiKTeX 2.9/fonts/type1/public/amsfonts/cm/cmsy10.pfb><C:/User
s/stroll/AppData/Local/Programs/MiKTeX 2.9/fonts/type1/public/amsfonts/cm/cmsy7
.pfb><C:/Users/stroll/AppData/Local/Programs/MiKTeX 2.9/fonts/type1/public/amsf
onts/cm/cmsy8.pfb><C:/Users/stroll/AppData/Local/Programs/MiKTeX 2.9/fonts/type
1/public/amsfonts/cm/cmtt10.pfb><C:/Users/stroll/AppData/Local/Programs/MiKTeX 
2.9/fonts/type1/public/amsfonts/cm/cmtt12.pfb><C:/Users/stroll/AppData/Local/Pr
ograms/MiKTeX 2.9/fonts/type1/urw/times/utmb8a.pfb><C:/Users/stroll/AppData/Loc
al/Programs/MiKTeX 2.9/fonts/type1/urw/times/utmbi8a.pfb><C:/Users/stroll/AppDa
ta/Local/Programs/MiKTeX 2.9/fonts/type1/urw/times/utmr8a.pfb><C:/Users/stroll/
AppData/Local/Programs/MiKTeX 2.9/fonts/type1/urw/times/utmr8a.pfb><C:/Users/st
roll/AppData/Local/Programs/MiKTeX 2.9/fonts/type1/urw/times/utmri8a.pfb>
Output written on thesis.pdf (38 pages, 333417 bytes).
PDF statistics:
 227 PDF objects out of 1000 (max. 8388607)
 0 named destinations out of 1000 (max. 500000)
 21 words of extra memory for PDF output out of 10000 (max. 10000000)

